<?xml version="1.0" encoding="UTF-8" ?>
<testsuite failures="1" time="0.244" errors="0" skipped="0" tests="1" name="hu.ericsson.springcourse.FirstUnitTest">
  <properties>
[...]
</properties>
  <testcase time="0.244" classname="hu.ericsson.springcourse.FirstUnitTest" name="testCustomerControllerGET">
    <failure message="Status expected:&lt;200&gt; but was:&lt;404&gt;" type="java.lang.AssertionError">java.lang.AssertionError: Status expected:&lt;200&gt; but was:&lt;404&gt;
	at org.springframework.test.util.AssertionErrors.fail(AssertionErrors.java:60)
	at org.springframework.test.util.AssertionErrors.assertEquals(AssertionErrors.java:89)
	at org.springframework.test.web.servlet.result.StatusResultMatchers$10.match(StatusResultMatchers.java:655)
	at org.springframework.test.web.servlet.MockMvc$1.andExpect(MockMvc.java:171)
	at hu.ericsson.springcourse.FirstUnitTest.testCustomerControllerGET(FirstUnitTest.java:50)
	at sun.reflect.NativeMethodAccessorImpl.invoke0(Native Method)
	at sun.reflect.NativeMethodAccessorImpl.invoke(NativeMethodAccessorImpl.java:57)
	at sun.reflect.DelegatingMethodAccessorImpl.invoke(DelegatingMethodAccessorImpl.java:43)
	at java.lang.reflect.Method.invoke(Method.java:606)
	at org.junit.runners.model.FrameworkMethod$1.runReflectiveCall(FrameworkMethod.java:50)
	at org.junit.internal.runners.model.ReflectiveCallable.run(ReflectiveCallable.java:12)
	at org.junit.runners.model.FrameworkMethod.invokeExplosively(FrameworkMethod.java:47)
	at org.junit.internal.runners.statements.InvokeMethod.evaluate(InvokeMethod.java:17)
	at org.junit.internal.runners.statements.RunBefores.evaluate(RunBefores.java:26)
	at org.springframework.test.context.junit4.statements.RunBeforeTestMethodCallbacks.evaluate(RunBeforeTestMethodCallbacks.java:75)
	at org.springframework.test.context.junit4.statements.RunAfterTestMethodCallbacks.evaluate(RunAfterTestMethodCallbacks.java:86)
	at org.springframework.test.context.junit4.statements.SpringRepeat.evaluate(SpringRepeat.java:84)
	at org.junit.runners.ParentRunner.runLeaf(ParentRunner.java:325)
	at org.springframework.test.context.junit4.SpringJUnit4ClassRunner.runChild(SpringJUnit4ClassRunner.java:254)
	at org.springframework.test.context.junit4.SpringJUnit4ClassRunner.runChild(SpringJUnit4ClassRunner.java:89)
	at org.junit.runners.ParentRunner$3.run(ParentRunner.java:290)
	at org.junit.runners.ParentRunner$1.schedule(ParentRunner.java:71)
	at org.junit.runners.ParentRunner.runChildren(ParentRunner.java:288)
	at org.junit.runners.ParentRunner.access$000(ParentRunner.java:58)
	at org.junit.runners.ParentRunner$2.evaluate(ParentRunner.java:268)
	at org.springframework.test.context.junit4.statements.RunBeforeTestClassCallbacks.evaluate(RunBeforeTestClassCallbacks.java:61)
	at org.springframework.test.context.junit4.statements.RunAfterTestClassCallbacks.evaluate(RunAfterTestClassCallbacks.java:70)
	at org.junit.runners.ParentRunner.run(ParentRunner.java:363)
	at org.springframework.test.context.junit4.SpringJUnit4ClassRunner.run(SpringJUnit4ClassRunner.java:193)
	at org.apache.maven.surefire.junit4.JUnit4Provider.execute(JUnit4Provider.java:252)
	at org.apache.maven.surefire.junit4.JUnit4Provider.executeTestSet(JUnit4Provider.java:141)
	at org.apache.maven.surefire.junit4.JUnit4Provider.invoke(JUnit4Provider.java:112)
	at sun.reflect.NativeMethodAccessorImpl.invoke0(Native Method)
	at sun.reflect.NativeMethodAccessorImpl.invoke(NativeMethodAccessorImpl.java:57)
	at sun.reflect.DelegatingMethodAccessorImpl.invoke(DelegatingMethodAccessorImpl.java:43)
	at java.lang.reflect.Method.invoke(Method.java:606)
	at org.apache.maven.surefire.util.ReflectionUtils.invokeMethodWithArray(ReflectionUtils.java:189)
	at org.apache.maven.surefire.booter.ProviderFactory$ProviderProxy.invoke(ProviderFactory.java:165)
	at org.apache.maven.surefire.booter.ProviderFactory.invokeProvider(ProviderFactory.java:85)
	at org.apache.maven.surefire.booter.ForkedBooter.runSuitesInProcess(ForkedBooter.java:115)
	at org.apache.maven.surefire.booter.ForkedBooter.main(ForkedBooter.java:75)
</failure>
    <system-out>10:58:07,426 DEBUG main junit4.SpringJUnit4ClassRunner:142 - SpringJUnit4ClassRunner constructor called with [class hu.ericsson.springcourse.FirstUnitTest]
10:58:07,436 DEBUG main context.BootstrapUtils:96 - Instantiating CacheAwareContextLoaderDelegate from class [org.springframework.test.context.cache.DefaultCacheAwareContextLoaderDelegate]
10:58:07,446 DEBUG main context.BootstrapUtils:79 - Instantiating BootstrapContext using constructor [public org.springframework.test.context.support.DefaultBootstrapContext(java.lang.Class,org.springframework.test.context.CacheAwareContextLoaderDelegate)]
10:58:07,456 DEBUG main context.BootstrapUtils:146 - Instantiating TestContextBootstrapper for test class [hu.ericsson.springcourse.FirstUnitTest] from class [org.springframework.test.context.web.WebTestContextBootstrapper]
10:58:07,506 DEBUG main support.AbstractDelegatingSmartContextLoader:97 - Delegating to GenericGroovyXmlWebContextLoader to process context configuration [ContextConfigurationAttributes@6fb75649 declaringClass = &apos;hu.ericsson.springcourse.FirstUnitTest&apos;, classes = &apos;{}&apos;, locations = &apos;{classpath:/spring-config/application-context.xml}&apos;, inheritLocations = true, initializers = &apos;{}&apos;, inheritInitializers = true, name = [null], contextLoaderClass = &apos;org.springframework.test.context.ContextLoader&apos;].
10:58:07,526 DEBUG main support.AbstractDelegatingSmartContextLoader:97 - Delegating to GenericGroovyXmlWebContextLoader to process context configuration [ContextConfigurationAttributes@5cef8a56 declaringClass = &apos;hu.ericsson.springcourse.FirstUnitTest&apos;, classes = &apos;{}&apos;, locations = &apos;{classpath:/spring-config/mvc-config.xml}&apos;, inheritLocations = true, initializers = &apos;{}&apos;, inheritInitializers = true, name = [null], contextLoaderClass = &apos;org.springframework.test.context.ContextLoader&apos;].
10:58:07,526 DEBUG main web.WebTestContextBootstrapper:130 - @TestExecutionListeners is not present for class [hu.ericsson.springcourse.FirstUnitTest]: using defaults.
10:58:07,546  INFO main web.WebTestContextBootstrapper:259 - Loaded default TestExecutionListener class names from location [META-INF/spring.factories]: [org.springframework.test.context.web.ServletTestExecutionListener, org.springframework.test.context.support.DirtiesContextBeforeModesTestExecutionListener, org.springframework.test.context.support.DependencyInjectionTestExecutionListener, org.springframework.test.context.support.DirtiesContextTestExecutionListener, org.springframework.test.context.transaction.TransactionalTestExecutionListener, org.springframework.test.context.jdbc.SqlScriptsTestExecutionListener]
10:58:07,566  INFO main web.WebTestContextBootstrapper:185 - Using TestExecutionListeners: [org.springframework.test.context.web.ServletTestExecutionListener@65067a13, org.springframework.test.context.support.DirtiesContextBeforeModesTestExecutionListener@c38a936, org.springframework.test.context.support.DependencyInjectionTestExecutionListener@5bed1e7e, org.springframework.test.context.support.DirtiesContextTestExecutionListener@2c6d1158, org.springframework.test.context.transaction.TransactionalTestExecutionListener@2c8dbf31, org.springframework.test.context.jdbc.SqlScriptsTestExecutionListener@e0340d1]
10:58:07,566 DEBUG main annotation.ProfileValueUtils:71 - Retrieved @ProfileValueSourceConfiguration [null] for test class [hu.ericsson.springcourse.FirstUnitTest]
10:58:07,566 DEBUG main annotation.ProfileValueUtils:83 - Retrieved ProfileValueSource type [class org.springframework.test.annotation.SystemProfileValueSource] for class [hu.ericsson.springcourse.FirstUnitTest]
10:58:07,566 DEBUG main annotation.ProfileValueUtils:71 - Retrieved @ProfileValueSourceConfiguration [null] for test class [hu.ericsson.springcourse.FirstUnitTest]
10:58:07,566 DEBUG main annotation.ProfileValueUtils:83 - Retrieved ProfileValueSource type [class org.springframework.test.annotation.SystemProfileValueSource] for class [hu.ericsson.springcourse.FirstUnitTest]
10:58:07,576 DEBUG main support.AbstractDirtiesContextTestExecutionListener:141 - Before test class: context [DefaultTestContext@4344ee21 testClass = FirstUnitTest, testInstance = [null], testMethod = [null], testException = [null], mergedContextConfiguration = [WebMergedContextConfiguration@626ddb07 testClass = FirstUnitTest, locations = &apos;{classpath:/spring-config/mvc-config.xml}&apos;, classes = &apos;{}&apos;, contextInitializerClasses = &apos;[]&apos;, activeProfiles = &apos;{dev}&apos;, propertySourceLocations = &apos;{}&apos;, propertySourceProperties = &apos;{}&apos;, resourceBasePath = &apos;src/main/webapp&apos;, contextLoader = &apos;org.springframework.test.context.web.WebDelegatingSmartContextLoader&apos;, parent = [WebMergedContextConfiguration@1a46db0d testClass = FirstUnitTest, locations = &apos;{classpath:/spring-config/application-context.xml}&apos;, classes = &apos;{}&apos;, contextInitializerClasses = &apos;[]&apos;, activeProfiles = &apos;{dev}&apos;, propertySourceLocations = &apos;{}&apos;, propertySourceProperties = &apos;{}&apos;, resourceBasePath = &apos;src/main/webapp&apos;, contextLoader = &apos;org.springframework.test.context.web.WebDelegatingSmartContextLoader&apos;, parent = [null]]]], class annotated with @DirtiesContext [false] with mode [null].
10:58:07,576 DEBUG main annotation.ProfileValueUtils:71 - Retrieved @ProfileValueSourceConfiguration [null] for test class [hu.ericsson.springcourse.FirstUnitTest]
10:58:07,576 DEBUG main annotation.ProfileValueUtils:83 - Retrieved ProfileValueSource type [class org.springframework.test.annotation.SystemProfileValueSource] for class [hu.ericsson.springcourse.FirstUnitTest]
10:58:07,576 DEBUG main support.AbstractDelegatingSmartContextLoader:107 - Delegating to GenericGroovyXmlWebContextLoader to load context from [WebMergedContextConfiguration@626ddb07 testClass = FirstUnitTest, locations = &apos;{classpath:/spring-config/mvc-config.xml}&apos;, classes = &apos;{}&apos;, contextInitializerClasses = &apos;[]&apos;, activeProfiles = &apos;{dev}&apos;, propertySourceLocations = &apos;{}&apos;, propertySourceProperties = &apos;{}&apos;, resourceBasePath = &apos;src/main/webapp&apos;, contextLoader = &apos;org.springframework.test.context.web.WebDelegatingSmartContextLoader&apos;, parent = [WebMergedContextConfiguration@1a46db0d testClass = FirstUnitTest, locations = &apos;{classpath:/spring-config/application-context.xml}&apos;, classes = &apos;{}&apos;, contextInitializerClasses = &apos;[]&apos;, activeProfiles = &apos;{dev}&apos;, propertySourceLocations = &apos;{}&apos;, propertySourceProperties = &apos;{}&apos;, resourceBasePath = &apos;src/main/webapp&apos;, contextLoader = &apos;org.springframework.test.context.web.WebDelegatingSmartContextLoader&apos;, parent = [null]]].
10:58:07,576 DEBUG main web.AbstractGenericWebContextLoader:115 - Loading WebApplicationContext for merged context configuration [WebMergedContextConfiguration@626ddb07 testClass = FirstUnitTest, locations = &apos;{classpath:/spring-config/mvc-config.xml}&apos;, classes = &apos;{}&apos;, contextInitializerClasses = &apos;[]&apos;, activeProfiles = &apos;{dev}&apos;, propertySourceLocations = &apos;{}&apos;, propertySourceProperties = &apos;{}&apos;, resourceBasePath = &apos;src/main/webapp&apos;, contextLoader = &apos;org.springframework.test.context.web.WebDelegatingSmartContextLoader&apos;, parent = [WebMergedContextConfiguration@1a46db0d testClass = FirstUnitTest, locations = &apos;{classpath:/spring-config/application-context.xml}&apos;, classes = &apos;{}&apos;, contextInitializerClasses = &apos;[]&apos;, activeProfiles = &apos;{dev}&apos;, propertySourceLocations = &apos;{}&apos;, propertySourceProperties = &apos;{}&apos;, resourceBasePath = &apos;src/main/webapp&apos;, contextLoader = &apos;org.springframework.test.context.web.WebDelegatingSmartContextLoader&apos;, parent = [null]]].
10:58:07,616 DEBUG main support.AbstractDelegatingSmartContextLoader:107 - Delegating to GenericGroovyXmlWebContextLoader to load context from [WebMergedContextConfiguration@1a46db0d testClass = FirstUnitTest, locations = &apos;{classpath:/spring-config/application-context.xml}&apos;, classes = &apos;{}&apos;, contextInitializerClasses = &apos;[]&apos;, activeProfiles = &apos;{dev}&apos;, propertySourceLocations = &apos;{}&apos;, propertySourceProperties = &apos;{}&apos;, resourceBasePath = &apos;src/main/webapp&apos;, contextLoader = &apos;org.springframework.test.context.web.WebDelegatingSmartContextLoader&apos;, parent = [null]].
10:58:07,617 DEBUG main web.AbstractGenericWebContextLoader:115 - Loading WebApplicationContext for merged context configuration [WebMergedContextConfiguration@1a46db0d testClass = FirstUnitTest, locations = &apos;{classpath:/spring-config/application-context.xml}&apos;, classes = &apos;{}&apos;, contextInitializerClasses = &apos;[]&apos;, activeProfiles = &apos;{dev}&apos;, propertySourceLocations = &apos;{}&apos;, propertySourceProperties = &apos;{}&apos;, resourceBasePath = &apos;src/main/webapp&apos;, contextLoader = &apos;org.springframework.test.context.web.WebDelegatingSmartContextLoader&apos;, parent = [null]].
10:58:07,669 DEBUG main support.StandardServletEnvironment:109 - Adding [servletConfigInitParams] PropertySource with lowest search precedence
10:58:07,670 DEBUG main support.StandardServletEnvironment:109 - Adding [servletContextInitParams] PropertySource with lowest search precedence
10:58:07,675 DEBUG main support.StandardServletEnvironment:109 - Adding [systemProperties] PropertySource with lowest search precedence
10:58:07,678 DEBUG main support.StandardServletEnvironment:109 - Adding [systemEnvironment] PropertySource with lowest search precedence
10:58:07,679 DEBUG main support.StandardServletEnvironment:127 - Initialized StandardServletEnvironment with PropertySources [servletConfigInitParams,servletContextInitParams,systemProperties,systemEnvironment]
10:58:07,947  INFO main xml.XmlBeanDefinitionReader:317 - Loading XML bean definitions from class path resource [spring-config/application-context.xml]
10:58:07,967 DEBUG main xml.DefaultDocumentLoader:73 - Using JAXP provider [com.sun.org.apache.xerces.internal.jaxp.DocumentBuilderFactoryImpl]
10:58:07,997 DEBUG main xml.PluggableSchemaResolver:141 - Loading schema mappings from [META-INF/spring.schemas]
10:58:07,997 DEBUG main xml.PluggableSchemaResolver:147 - Loaded schema mappings: {http://www.springframework.org/schema/tx/spring-tx-2.5.xsd=org/springframework/transaction/config/spring-tx-2.5.xsd, http://www.springframework.org/schema/cache/spring-cache-4.2.xsd=org/springframework/cache/config/spring-cache-4.2.xsd, http://www.springframework.org/schema/aop/spring-aop-4.1.xsd=org/springframework/aop/config/spring-aop-4.1.xsd, http://www.springframework.org/schema/context/spring-context-3.1.xsd=org/springframework/context/config/spring-context-3.1.xsd, http://www.springframework.org/schema/jdbc/spring-jdbc-4.1.xsd=org/springframework/jdbc/config/spring-jdbc-4.1.xsd, http://www.springframework.org/schema/util/spring-util-3.0.xsd=org/springframework/beans/factory/xml/spring-util-3.0.xsd, http://www.springframework.org/schema/mvc/spring-mvc-4.1.xsd=org/springframework/web/servlet/config/spring-mvc-4.1.xsd, http://www.springframework.org/schema/aop/spring-aop-3.2.xsd=org/springframework/aop/config/spring-aop-3.2.xsd, http://www.springframework.org/schema/tool/spring-tool.xsd=org/springframework/beans/factory/xml/spring-tool-4.2.xsd, http://www.springframework.org/schema/lang/spring-lang-4.1.xsd=org/springframework/scripting/config/spring-lang-4.1.xsd, http://www.springframework.org/schema/context/spring-context-4.0.xsd=org/springframework/context/config/spring-context-4.0.xsd, http://www.springframework.org/schema/mvc/spring-mvc-3.2.xsd=org/springframework/web/servlet/config/spring-mvc-3.2.xsd, http://www.springframework.org/schema/beans/spring-beans-4.2.xsd=org/springframework/beans/factory/xml/spring-beans-4.2.xsd, http://www.springframework.org/schema/tool/spring-tool-4.1.xsd=org/springframework/beans/factory/xml/spring-tool-4.1.xsd, http://www.springframework.org/schema/lang/spring-lang-3.2.xsd=org/springframework/scripting/config/spring-lang-3.2.xsd, http://www.springframework.org/schema/cache/spring-cache-3.2.xsd=org/springframework/cache/config/spring-cache-3.2.xsd, http://www.springframework.org/schema/jee/spring-jee-4.1.xsd=org/springframework/ejb/config/spring-jee-4.1.xsd, http://www.springframework.org/schema/jdbc/spring-jdbc-3.1.xsd=org/springframework/jdbc/config/spring-jdbc-3.1.xsd, http://www.springframework.org/schema/util/spring-util-2.0.xsd=org/springframework/beans/factory/xml/spring-util-2.0.xsd, http://www.springframework.org/schema/task/spring-task-4.2.xsd=org/springframework/scheduling/config/spring-task-4.2.xsd, http://www.springframework.org/schema/tool/spring-tool-3.2.xsd=org/springframework/beans/factory/xml/spring-tool-3.2.xsd, http://www.springframework.org/schema/context/spring-context.xsd=org/springframework/context/config/spring-context-4.2.xsd, http://www.springframework.org/schema/tx/spring-tx-4.2.xsd=org/springframework/transaction/config/spring-tx-4.2.xsd, http://www.springframework.org/schema/cache/spring-cache-4.1.xsd=org/springframework/cache/config/spring-cache-4.1.xsd, http://www.springframework.org/schema/aop/spring-aop-4.0.xsd=org/springframework/aop/config/spring-aop-4.0.xsd, http://www.springframework.org/schema/jee/spring-jee-3.2.xsd=org/springframework/ejb/config/spring-jee-3.2.xsd, http://www.springframework.org/schema/context/spring-context-3.0.xsd=org/springframework/context/config/spring-context-3.0.xsd, http://www.springframework.org/schema/jdbc/spring-jdbc-4.0.xsd=org/springframework/jdbc/config/spring-jdbc-4.0.xsd, http://www.springframework.org/schema/util/spring-util-2.5.xsd=org/springframework/beans/factory/xml/spring-util-2.5.xsd, http://www.springframework.org/schema/mvc/spring-mvc-4.0.xsd=org/springframework/web/servlet/config/spring-mvc-4.0.xsd, http://www.springframework.org/schema/beans/spring-beans-3.2.xsd=org/springframework/beans/factory/xml/spring-beans-3.2.xsd, http://www.springframework.org/schema/aop/spring-aop-3.1.xsd=org/springframework/aop/config/spring-aop-3.1.xsd, http://www.springframework.org/schema/lang/spring-lang-4.0.xsd=org/springframework/scripting/config/spring-lang-4.0.xsd, http://www.springframework.org/schema/mvc/spring-mvc.xsd=org/springframework/web/servlet/config/spring-mvc-4.2.xsd, http://www.springframework.org/schema/mvc/spring-mvc-3.1.xsd=org/springframework/web/servlet/config/spring-mvc-3.1.xsd, http://www.springframework.org/schema/beans/spring-beans-4.1.xsd=org/springframework/beans/factory/xml/spring-beans-4.1.xsd, http://www.springframework.org/schema/tool/spring-tool-4.0.xsd=org/springframework/beans/factory/xml/spring-tool-4.0.xsd, http://www.springframework.org/schema/tx/spring-tx-3.2.xsd=org/springframework/transaction/config/spring-tx-3.2.xsd, http://www.springframework.org/schema/lang/spring-lang-3.1.xsd=org/springframework/scripting/config/spring-lang-3.1.xsd, http://www.springframework.org/schema/cache/spring-cache-3.1.xsd=org/springframework/cache/config/spring-cache-3.1.xsd, http://www.springframework.org/schema/jee/spring-jee-4.0.xsd=org/springframework/ejb/config/spring-jee-4.0.xsd, http://www.springframework.org/schema/jdbc/spring-jdbc-3.0.xsd=org/springframework/jdbc/config/spring-jdbc-3.0.xsd, http://www.springframework.org/schema/task/spring-task-4.1.xsd=org/springframework/scheduling/config/spring-task-4.1.xsd, http://www.springframework.org/schema/jdbc/spring-jdbc.xsd=org/springframework/jdbc/config/spring-jdbc-4.2.xsd, http://www.springframework.org/schema/tool/spring-tool-3.1.xsd=org/springframework/beans/factory/xml/spring-tool-3.1.xsd, http://www.springframework.org/schema/tx/spring-tx-4.1.xsd=org/springframework/transaction/config/spring-tx-4.1.xsd, http://www.springframework.org/schema/cache/spring-cache-4.0.xsd=org/springframework/cache/config/spring-cache-4.0.xsd, http://www.springframework.org/schema/jee/spring-jee-3.1.xsd=org/springframework/ejb/config/spring-jee-3.1.xsd, http://www.springframework.org/schema/task/spring-task-3.2.xsd=org/springframework/scheduling/config/spring-task-3.2.xsd, http://www.springframework.org/schema/util/spring-util-4.2.xsd=org/springframework/beans/factory/xml/spring-util-4.2.xsd, http://www.springframework.org/schema/beans/spring-beans-3.1.xsd=org/springframework/beans/factory/xml/spring-beans-3.1.xsd, http://www.springframework.org/schema/util/spring-util.xsd=org/springframework/beans/factory/xml/spring-util-4.2.xsd, http://www.springframework.org/schema/aop/spring-aop-3.0.xsd=org/springframework/aop/config/spring-aop-3.0.xsd, http://www.springframework.org/schema/mvc/spring-mvc-3.0.xsd=org/springframework/web/servlet/config/spring-mvc-3.0.xsd, http://www.springframework.org/schema/beans/spring-beans-4.0.xsd=org/springframework/beans/factory/xml/spring-beans-4.0.xsd, http://www.springframework.org/schema/beans/spring-beans.xsd=org/springframework/beans/factory/xml/spring-beans-4.2.xsd, http://www.springframework.org/schema/tx/spring-tx-3.1.xsd=org/springframework/transaction/config/spring-tx-3.1.xsd, http://www.springframework.org/schema/lang/spring-lang-3.0.xsd=org/springframework/scripting/config/spring-lang-3.0.xsd, http://www.springframework.org/schema/context/spring-context-2.5.xsd=org/springframework/context/config/spring-context-2.5.xsd, http://www.springframework.org/schema/task/spring-task-4.0.xsd=org/springframework/scheduling/config/spring-task-4.0.xsd, http://www.springframework.org/schema/tool/spring-tool-3.0.xsd=org/springframework/beans/factory/xml/spring-tool-3.0.xsd, http://www.springframework.org/schema/tx/spring-tx-4.0.xsd=org/springframework/transaction/config/spring-tx-4.0.xsd, http://www.springframework.org/schema/aop/spring-aop-2.0.xsd=org/springframework/aop/config/spring-aop-2.0.xsd, http://www.springframework.org/schema/jee/spring-jee-3.0.xsd=org/springframework/ejb/config/spring-jee-3.0.xsd, http://www.springframework.org/schema/util/spring-util-4.1.xsd=org/springframework/beans/factory/xml/spring-util-4.1.xsd, http://www.springframework.org/schema/task/spring-task-3.1.xsd=org/springframework/scheduling/config/spring-task-3.1.xsd, http://www.springframework.org/schema/beans/spring-beans-3.0.xsd=org/springframework/beans/factory/xml/spring-beans-3.0.xsd, http://www.springframework.org/schema/jee/spring-jee.xsd=org/springframework/ejb/config/spring-jee-4.2.xsd, http://www.springframework.org/schema/aop/spring-aop-2.5.xsd=org/springframework/aop/config/spring-aop-2.5.xsd, http://www.springframework.org/schema/lang/spring-lang-2.0.xsd=org/springframework/scripting/config/spring-lang-2.0.xsd, http://www.springframework.org/schema/util/spring-util-3.2.xsd=org/springframework/beans/factory/xml/spring-util-3.2.xsd, http://www.springframework.org/schema/task/spring-task.xsd=org/springframework/scheduling/config/spring-task-4.2.xsd, http://www.springframework.org/schema/tool/spring-tool-2.0.xsd=org/springframework/beans/factory/xml/spring-tool-2.0.xsd, http://www.springframework.org/schema/tx/spring-tx-3.0.xsd=org/springframework/transaction/config/spring-tx-3.0.xsd, http://www.springframework.org/schema/lang/spring-lang-2.5.xsd=org/springframework/scripting/config/spring-lang-2.5.xsd, http://www.springframework.org/schema/context/spring-context-4.2.xsd=org/springframework/context/config/spring-context-4.2.xsd, http://www.springframework.org/schema/jee/spring-jee-2.0.xsd=org/springframework/ejb/config/spring-jee-2.0.xsd, http://www.springframework.org/schema/tool/spring-tool-2.5.xsd=org/springframework/beans/factory/xml/spring-tool-2.5.xsd, http://www.springframework.org/schema/jee/spring-jee-2.5.xsd=org/springframework/ejb/config/spring-jee-2.5.xsd, http://www.springframework.org/schema/util/spring-util-4.0.xsd=org/springframework/beans/factory/xml/spring-util-4.0.xsd, http://www.springframework.org/schema/task/spring-task-3.0.xsd=org/springframework/scheduling/config/spring-task-3.0.xsd, http://www.springframework.org/schema/aop/spring-aop-4.2.xsd=org/springframework/aop/config/spring-aop-4.2.xsd, http://www.springframework.org/schema/lang/spring-lang.xsd=org/springframework/scripting/config/spring-lang-4.2.xsd, http://www.springframework.org/schema/context/spring-context-3.2.xsd=org/springframework/context/config/spring-context-3.2.xsd, http://www.springframework.org/schema/jdbc/spring-jdbc-4.2.xsd=org/springframework/jdbc/config/spring-jdbc-4.2.xsd, http://www.springframework.org/schema/mvc/spring-mvc-4.2.xsd=org/springframework/web/servlet/config/spring-mvc-4.2.xsd, http://www.springframework.org/schema/util/spring-util-3.1.xsd=org/springframework/beans/factory/xml/spring-util-3.1.xsd, http://www.springframework.org/schema/beans/spring-beans-2.0.xsd=org/springframework/beans/factory/xml/spring-beans-2.0.xsd, http://www.springframework.org/schema/cache/spring-cache.xsd=org/springframework/cache/config/spring-cache-4.2.xsd, http://www.springframework.org/schema/tx/spring-tx.xsd=org/springframework/transaction/config/spring-tx-4.2.xsd, http://www.springframework.org/schema/lang/spring-lang-4.2.xsd=org/springframework/scripting/config/spring-lang-4.2.xsd, http://www.springframework.org/schema/context/spring-context-4.1.xsd=org/springframework/context/config/spring-context-4.1.xsd, http://www.springframework.org/schema/beans/spring-beans-2.5.xsd=org/springframework/beans/factory/xml/spring-beans-2.5.xsd, http://www.springframework.org/schema/tool/spring-tool-4.2.xsd=org/springframework/beans/factory/xml/spring-tool-4.2.xsd, http://www.springframework.org/schema/tx/spring-tx-2.0.xsd=org/springframework/transaction/config/spring-tx-2.0.xsd, http://www.springframework.org/schema/jee/spring-jee-4.2.xsd=org/springframework/ejb/config/spring-jee-4.2.xsd, http://www.springframework.org/schema/jdbc/spring-jdbc-3.2.xsd=org/springframework/jdbc/config/spring-jdbc-3.2.xsd, http://www.springframework.org/schema/aop/spring-aop.xsd=org/springframework/aop/config/spring-aop-4.2.xsd}
10:58:07,997 DEBUG main xml.PluggableSchemaResolver:119 - Found XML schema [http://www.springframework.org/schema/beans/spring-beans.xsd] in classpath: org/springframework/beans/factory/xml/spring-beans-4.2.xsd
10:58:08,067 DEBUG main xml.PluggableSchemaResolver:119 - Found XML schema [http://www.springframework.org/schema/context/spring-context-4.2.xsd] in classpath: org/springframework/context/config/spring-context-4.2.xsd
10:58:08,077 DEBUG main xml.PluggableSchemaResolver:119 - Found XML schema [http://www.springframework.org/schema/tool/spring-tool-4.2.xsd] in classpath: org/springframework/beans/factory/xml/spring-tool-4.2.xsd
10:58:08,087 DEBUG main xml.PluggableSchemaResolver:119 - Found XML schema [http://www.springframework.org/schema/task/spring-task-4.2.xsd] in classpath: org/springframework/scheduling/config/spring-task-4.2.xsd
10:58:08,097 DEBUG main xml.PluggableSchemaResolver:119 - Found XML schema [http://www.springframework.org/schema/aop/spring-aop-4.2.xsd] in classpath: org/springframework/aop/config/spring-aop-4.2.xsd
10:58:08,097 DEBUG main xml.PluggableSchemaResolver:119 - Found XML schema [http://www.springframework.org/schema/tx/spring-tx-4.2.xsd] in classpath: org/springframework/transaction/config/spring-tx-4.2.xsd
10:58:08,107 DEBUG main xml.PluggableSchemaResolver:119 - Found XML schema [http://www.springframework.org/schema/lang/spring-lang-4.2.xsd] in classpath: org/springframework/scripting/config/spring-lang-4.2.xsd
10:58:08,117 DEBUG main xml.PluggableSchemaResolver:119 - Found XML schema [http://www.springframework.org/schema/jdbc/spring-jdbc-4.2.xsd] in classpath: org/springframework/jdbc/config/spring-jdbc-4.2.xsd
10:58:08,128 DEBUG main xml.DefaultBeanDefinitionDocumentReader:92 - Loading bean definitions
10:58:08,135 DEBUG main xml.DefaultNamespaceHandlerResolver:157 - Loaded NamespaceHandler mappings: {http://www.springframework.org/schema/p=org.springframework.beans.factory.xml.SimplePropertyNamespaceHandler, http://www.springframework.org/schema/mvc=org.springframework.web.servlet.config.MvcNamespaceHandler, http://www.springframework.org/schema/util=org.springframework.beans.factory.xml.UtilNamespaceHandler, http://www.springframework.org/schema/jee=org.springframework.ejb.config.JeeNamespaceHandler, http://www.springframework.org/schema/aop=org.springframework.aop.config.AopNamespaceHandler, http://www.springframework.org/schema/jdbc=org.springframework.jdbc.config.JdbcNamespaceHandler, http://www.springframework.org/schema/cache=org.springframework.cache.config.CacheNamespaceHandler, http://www.springframework.org/schema/c=org.springframework.beans.factory.xml.SimpleConstructorNamespaceHandler, http://www.springframework.org/schema/tx=org.springframework.transaction.config.TxNamespaceHandler, http://www.springframework.org/schema/task=org.springframework.scheduling.config.TaskNamespaceHandler, http://www.springframework.org/schema/lang=org.springframework.scripting.config.LangNamespaceHandler, http://www.springframework.org/schema/context=org.springframework.context.config.ContextNamespaceHandler}
10:58:08,179 DEBUG main support.PathMatchingResourcePatternResolver:631 - Looking for matching resources in directory tree [C:\Users\eattiba\Documents\workspace-sts-3.7.2.RELEASE\springcourse-web\target\test-classes\hu\ericsson]
10:58:08,179 DEBUG main support.PathMatchingResourcePatternResolver:693 - Searching directory [C:\Users\eattiba\Documents\workspace-sts-3.7.2.RELEASE\springcourse-web\target\test-classes\hu\ericsson] for files matching pattern [C:/Users/eattiba/Documents/workspace-sts-3.7.2.RELEASE/springcourse-web/target/test-classes/hu/ericsson/**/*.class]
10:58:08,179 DEBUG main support.PathMatchingResourcePatternResolver:693 - Searching directory [C:\Users\eattiba\Documents\workspace-sts-3.7.2.RELEASE\springcourse-web\target\test-classes\hu\ericsson\springcourse] for files matching pattern [C:/Users/eattiba/Documents/workspace-sts-3.7.2.RELEASE/springcourse-web/target/test-classes/hu/ericsson/**/*.class]
10:58:08,179 DEBUG main support.PathMatchingResourcePatternResolver:631 - Looking for matching resources in directory tree [C:\Users\eattiba\Documents\workspace-sts-3.7.2.RELEASE\springcourse-web\target\classes\hu\ericsson]
10:58:08,179 DEBUG main support.PathMatchingResourcePatternResolver:693 - Searching directory [C:\Users\eattiba\Documents\workspace-sts-3.7.2.RELEASE\springcourse-web\target\classes\hu\ericsson] for files matching pattern [C:/Users/eattiba/Documents/workspace-sts-3.7.2.RELEASE/springcourse-web/target/classes/hu/ericsson/**/*.class]
10:58:08,179 DEBUG main support.PathMatchingResourcePatternResolver:693 - Searching directory [C:\Users\eattiba\Documents\workspace-sts-3.7.2.RELEASE\springcourse-web\target\classes\hu\ericsson\springcourse] for files matching pattern [C:/Users/eattiba/Documents/workspace-sts-3.7.2.RELEASE/springcourse-web/target/classes/hu/ericsson/**/*.class]
10:58:08,189 DEBUG main support.PathMatchingResourcePatternResolver:693 - Searching directory [C:\Users\eattiba\Documents\workspace-sts-3.7.2.RELEASE\springcourse-web\target\classes\hu\ericsson\springcourse\aspect] for files matching pattern [C:/Users/eattiba/Documents/workspace-sts-3.7.2.RELEASE/springcourse-web/target/classes/hu/ericsson/**/*.class]
10:58:08,189 DEBUG main support.PathMatchingResourcePatternResolver:693 - Searching directory [C:\Users\eattiba\Documents\workspace-sts-3.7.2.RELEASE\springcourse-web\target\classes\hu\ericsson\springcourse\dao] for files matching pattern [C:/Users/eattiba/Documents/workspace-sts-3.7.2.RELEASE/springcourse-web/target/classes/hu/ericsson/**/*.class]
10:58:08,189 DEBUG main support.PathMatchingResourcePatternResolver:693 - Searching directory [C:\Users\eattiba\Documents\workspace-sts-3.7.2.RELEASE\springcourse-web\target\classes\hu\ericsson\springcourse\dao\jdbc] for files matching pattern [C:/Users/eattiba/Documents/workspace-sts-3.7.2.RELEASE/springcourse-web/target/classes/hu/ericsson/**/*.class]
10:58:08,189 DEBUG main support.PathMatchingResourcePatternResolver:693 - Searching directory [C:\Users\eattiba\Documents\workspace-sts-3.7.2.RELEASE\springcourse-web\target\classes\hu\ericsson\springcourse\dynamic] for files matching pattern [C:/Users/eattiba/Documents/workspace-sts-3.7.2.RELEASE/springcourse-web/target/classes/hu/ericsson/**/*.class]
10:58:08,189 DEBUG main support.PathMatchingResourcePatternResolver:693 - Searching directory [C:\Users\eattiba\Documents\workspace-sts-3.7.2.RELEASE\springcourse-web\target\classes\hu\ericsson\springcourse\listeners] for files matching pattern [C:/Users/eattiba/Documents/workspace-sts-3.7.2.RELEASE/springcourse-web/target/classes/hu/ericsson/**/*.class]
10:58:08,189 DEBUG main support.PathMatchingResourcePatternResolver:693 - Searching directory [C:\Users\eattiba\Documents\workspace-sts-3.7.2.RELEASE\springcourse-web\target\classes\hu\ericsson\springcourse\model] for files matching pattern [C:/Users/eattiba/Documents/workspace-sts-3.7.2.RELEASE/springcourse-web/target/classes/hu/ericsson/**/*.class]
10:58:08,189 DEBUG main support.PathMatchingResourcePatternResolver:693 - Searching directory [C:\Users\eattiba\Documents\workspace-sts-3.7.2.RELEASE\springcourse-web\target\classes\hu\ericsson\springcourse\service] for files matching pattern [C:/Users/eattiba/Documents/workspace-sts-3.7.2.RELEASE/springcourse-web/target/classes/hu/ericsson/**/*.class]
10:58:08,189 DEBUG main support.PathMatchingResourcePatternResolver:693 - Searching directory [C:\Users\eattiba\Documents\workspace-sts-3.7.2.RELEASE\springcourse-web\target\classes\hu\ericsson\springcourse\web] for files matching pattern [C:/Users/eattiba/Documents/workspace-sts-3.7.2.RELEASE/springcourse-web/target/classes/hu/ericsson/**/*.class]
10:58:08,199 DEBUG main support.PathMatchingResourcePatternResolver:424 - Resolved location pattern [classpath*:hu/ericsson/**/*.class] to resources [file [C:\Users\eattiba\Documents\workspace-sts-3.7.2.RELEASE\springcourse-web\target\test-classes\hu\ericsson\springcourse\FirstUnitTest.class], file [C:\Users\eattiba\Documents\workspace-sts-3.7.2.RELEASE\springcourse-web\target\test-classes\hu\ericsson\springcourse\MockInitializer.class], file [C:\Users\eattiba\Documents\workspace-sts-3.7.2.RELEASE\springcourse-web\target\classes\hu\ericsson\springcourse\aspect\LoggerAspect.class], file [C:\Users\eattiba\Documents\workspace-sts-3.7.2.RELEASE\springcourse-web\target\classes\hu\ericsson\springcourse\dao\BaseDao.class], file [C:\Users\eattiba\Documents\workspace-sts-3.7.2.RELEASE\springcourse-web\target\classes\hu\ericsson\springcourse\dao\CustomerDao.class], file [C:\Users\eattiba\Documents\workspace-sts-3.7.2.RELEASE\springcourse-web\target\classes\hu\ericsson\springcourse\dao\jdbc\CustomerRowMapper.class], file [C:\Users\eattiba\Documents\workspace-sts-3.7.2.RELEASE\springcourse-web\target\classes\hu\ericsson\springcourse\dao\jdbc\DefaultBaseDao.class], file [C:\Users\eattiba\Documents\workspace-sts-3.7.2.RELEASE\springcourse-web\target\classes\hu\ericsson\springcourse\dao\jdbc\DefaultCustomerDao$1.class], file [C:\Users\eattiba\Documents\workspace-sts-3.7.2.RELEASE\springcourse-web\target\classes\hu\ericsson\springcourse\dao\jdbc\DefaultCustomerDao.class], file [C:\Users\eattiba\Documents\workspace-sts-3.7.2.RELEASE\springcourse-web\target\classes\hu\ericsson\springcourse\dynamic\Calculator.class], file [C:\Users\eattiba\Documents\workspace-sts-3.7.2.RELEASE\springcourse-web\target\classes\hu\ericsson\springcourse\listeners\CustomerCreationEvent.class], file [C:\Users\eattiba\Documents\workspace-sts-3.7.2.RELEASE\springcourse-web\target\classes\hu\ericsson\springcourse\listeners\TransactionEventListener.class], file [C:\Users\eattiba\Documents\workspace-sts-3.7.2.RELEASE\springcourse-web\target\classes\hu\ericsson\springcourse\model\Account.class], file [C:\Users\eattiba\Documents\workspace-sts-3.7.2.RELEASE\springcourse-web\target\classes\hu\ericsson\springcourse\model\AccountType.class], file [C:\Users\eattiba\Documents\workspace-sts-3.7.2.RELEASE\springcourse-web\target\classes\hu\ericsson\springcourse\model\BusinessObject.class], file [C:\Users\eattiba\Documents\workspace-sts-3.7.2.RELEASE\springcourse-web\target\classes\hu\ericsson\springcourse\model\Card.class], file [C:\Users\eattiba\Documents\workspace-sts-3.7.2.RELEASE\springcourse-web\target\classes\hu\ericsson\springcourse\model\CardType.class], file [C:\Users\eattiba\Documents\workspace-sts-3.7.2.RELEASE\springcourse-web\target\classes\hu\ericsson\springcourse\model\Customer.class], file [C:\Users\eattiba\Documents\workspace-sts-3.7.2.RELEASE\springcourse-web\target\classes\hu\ericsson\springcourse\model\GenderType.class], file [C:\Users\eattiba\Documents\workspace-sts-3.7.2.RELEASE\springcourse-web\target\classes\hu\ericsson\springcourse\service\CustomerService.class], file [C:\Users\eattiba\Documents\workspace-sts-3.7.2.RELEASE\springcourse-web\target\classes\hu\ericsson\springcourse\service\DefaultCustomerService.class], file [C:\Users\eattiba\Documents\workspace-sts-3.7.2.RELEASE\springcourse-web\target\classes\hu\ericsson\springcourse\web\CustomerController.class]]
10:58:08,230 DEBUG main annotation.ClassPathBeanDefinitionScanner:286 - Identified candidate component class: file [C:\Users\eattiba\Documents\workspace-sts-3.7.2.RELEASE\springcourse-web\target\classes\hu\ericsson\springcourse\aspect\LoggerAspect.class]
10:58:08,230 DEBUG main annotation.ClassPathBeanDefinitionScanner:286 - Identified candidate component class: file [C:\Users\eattiba\Documents\workspace-sts-3.7.2.RELEASE\springcourse-web\target\classes\hu\ericsson\springcourse\dao\jdbc\DefaultCustomerDao.class]
10:58:08,240 DEBUG main annotation.ClassPathBeanDefinitionScanner:286 - Identified candidate component class: file [C:\Users\eattiba\Documents\workspace-sts-3.7.2.RELEASE\springcourse-web\target\classes\hu\ericsson\springcourse\listeners\TransactionEventListener.class]
10:58:08,250 DEBUG main annotation.ClassPathBeanDefinitionScanner:286 - Identified candidate component class: file [C:\Users\eattiba\Documents\workspace-sts-3.7.2.RELEASE\springcourse-web\target\classes\hu\ericsson\springcourse\service\DefaultCustomerService.class]
10:58:08,260 DEBUG main annotation.ClassPathBeanDefinitionScanner:286 - Identified candidate component class: file [C:\Users\eattiba\Documents\workspace-sts-3.7.2.RELEASE\springcourse-web\target\classes\hu\ericsson\springcourse\web\CustomerController.class]
10:58:08,310 DEBUG main groovy.GroovyBeanDefinitionReader:224 - Loaded 24 bean definitions from location pattern [classpath:/spring-config/application-context.xml]
10:58:08,320  INFO main support.GenericWebApplicationContext:577 - Refreshing org.springframework.web.context.support.GenericWebApplicationContext@5d769b56: startup date [Fri Jan 15 10:58:08 CET 2016]; root of context hierarchy
10:58:08,320 DEBUG main support.StandardServletEnvironment:174 - Replacing [servletContextInitParams] PropertySource with [servletContextInitParams]
10:58:08,320 DEBUG main support.GenericWebApplicationContext:611 - Bean factory for org.springframework.web.context.support.GenericWebApplicationContext@5d769b56: org.springframework.beans.factory.support.DefaultListableBeanFactory@63a7aca1: defining beans [loggerAspect,defaultCustomerDao,transactionEventListener,defaultCustomerService,customerController,org.springframework.context.annotation.internalConfigurationAnnotationProcessor,org.springframework.context.annotation.internalAutowiredAnnotationProcessor,org.springframework.context.annotation.internalRequiredAnnotationProcessor,org.springframework.context.annotation.internalCommonAnnotationProcessor,org.springframework.context.event.internalEventListenerProcessor,org.springframework.context.event.internalEventListenerFactory,org.springframework.context.support.PropertySourcesPlaceholderConfigurer#0,org.springframework.context.annotation.internalAsyncAnnotationProcessor,org.springframework.context.annotation.internalScheduledAnnotationProcessor,taskScheduler,org.springframework.aop.config.internalAutoProxyCreator,org.springframework.transaction.config.internalTransactionalEventListenerFactory,org.springframework.transaction.annotation.AnnotationTransactionAttributeSource#0,org.springframework.transaction.interceptor.TransactionInterceptor#0,org.springframework.transaction.config.internalTransactionAdvisor,transactionManager,org.springframework.scripting.config.scriptFactoryPostProcessor,calculator,dataSource]; root of factory hierarchy
10:58:08,330 DEBUG main support.DefaultListableBeanFactory:874 - Registering scope &apos;request&apos; with implementation [org.springframework.web.context.request.RequestScope@68fa4add]
10:58:08,330 DEBUG main support.DefaultListableBeanFactory:874 - Registering scope &apos;session&apos; with implementation [org.springframework.web.context.request.SessionScope@2b750e32]
10:58:08,330 DEBUG main support.DefaultListableBeanFactory:874 - Registering scope &apos;globalSession&apos; with implementation [org.springframework.web.context.request.SessionScope@71ed0e8e]
10:58:08,330 DEBUG main support.DefaultListableBeanFactory:874 - Registering scope &apos;application&apos; with implementation [org.springframework.web.context.support.ServletContextScope@40391ae4]
10:58:08,360 DEBUG main support.DefaultListableBeanFactory:221 - Creating shared instance of singleton bean &apos;org.springframework.context.annotation.internalConfigurationAnnotationProcessor&apos;
10:58:08,360 DEBUG main support.DefaultListableBeanFactory:448 - Creating instance of bean &apos;org.springframework.context.annotation.internalConfigurationAnnotationProcessor&apos;
10:58:08,390 DEBUG main support.DefaultListableBeanFactory:529 - Eagerly caching bean &apos;org.springframework.context.annotation.internalConfigurationAnnotationProcessor&apos; to allow for resolving potential circular references
10:58:08,390 DEBUG main support.DefaultListableBeanFactory:484 - Finished creating instance of bean &apos;org.springframework.context.annotation.internalConfigurationAnnotationProcessor&apos;
10:58:08,440 DEBUG main support.DefaultListableBeanFactory:221 - Creating shared instance of singleton bean &apos;org.springframework.context.support.PropertySourcesPlaceholderConfigurer#0&apos;
10:58:08,440 DEBUG main support.DefaultListableBeanFactory:448 - Creating instance of bean &apos;org.springframework.context.support.PropertySourcesPlaceholderConfigurer#0&apos;
10:58:08,450 DEBUG main support.DefaultListableBeanFactory:529 - Eagerly caching bean &apos;org.springframework.context.support.PropertySourcesPlaceholderConfigurer#0&apos; to allow for resolving potential circular references
10:58:08,460 DEBUG main support.DefaultListableBeanFactory:484 - Finished creating instance of bean &apos;org.springframework.context.support.PropertySourcesPlaceholderConfigurer#0&apos;
10:58:08,470 DEBUG main env.MutablePropertySources:109 - Adding [environmentProperties] PropertySource with lowest search precedence
10:58:08,470  INFO main support.PropertySourcesPlaceholderConfigurer:172 - Loading properties file from class path resource [spring-config/application.properties]
10:58:08,470 DEBUG main env.MutablePropertySources:109 - Adding [localProperties] PropertySource with lowest search precedence
10:58:08,470 DEBUG main env.PropertySourcesPropertyResolver:81 - Searching for key &apos;scheduler.pool.size&apos; in [environmentProperties]
10:58:08,470 DEBUG main env.PropertySourcesPropertyResolver:81 - Searching for key &apos;scheduler.pool.size&apos; in [servletConfigInitParams]
10:58:08,470 DEBUG main env.PropertySourcesPropertyResolver:81 - Searching for key &apos;scheduler.pool.size&apos; in [servletContextInitParams]
10:58:08,470 DEBUG main env.PropertySourcesPropertyResolver:81 - Searching for key &apos;scheduler.pool.size&apos; in [systemProperties]
10:58:08,470 DEBUG main env.PropertySourcesPropertyResolver:81 - Searching for key &apos;scheduler.pool.size&apos; in [systemEnvironment]
10:58:08,470 DEBUG main env.PropertySourcesPropertyResolver:103 - Could not find key &apos;scheduler.pool.size&apos; in any property source. Returning [null]
10:58:08,470 DEBUG main env.PropertySourcesPropertyResolver:81 - Searching for key &apos;scheduler.pool.size&apos; in [localProperties]
10:58:08,470 DEBUG main env.PropertySourcesPropertyResolver:90 - Found key &apos;scheduler.pool.size&apos; in [localProperties] with type [String] and value &apos;10&apos;
10:58:08,480 DEBUG main support.DefaultListableBeanFactory:221 - Creating shared instance of singleton bean &apos;org.springframework.context.annotation.internalAutowiredAnnotationProcessor&apos;
10:58:08,480 DEBUG main support.DefaultListableBeanFactory:448 - Creating instance of bean &apos;org.springframework.context.annotation.internalAutowiredAnnotationProcessor&apos;
10:58:08,480 DEBUG main support.DefaultListableBeanFactory:529 - Eagerly caching bean &apos;org.springframework.context.annotation.internalAutowiredAnnotationProcessor&apos; to allow for resolving potential circular references
10:58:08,480 DEBUG main support.DefaultListableBeanFactory:484 - Finished creating instance of bean &apos;org.springframework.context.annotation.internalAutowiredAnnotationProcessor&apos;
10:58:08,480 DEBUG main support.DefaultListableBeanFactory:221 - Creating shared instance of singleton bean &apos;org.springframework.context.annotation.internalRequiredAnnotationProcessor&apos;
10:58:08,480 DEBUG main support.DefaultListableBeanFactory:448 - Creating instance of bean &apos;org.springframework.context.annotation.internalRequiredAnnotationProcessor&apos;
10:58:08,480 DEBUG main support.DefaultListableBeanFactory:529 - Eagerly caching bean &apos;org.springframework.context.annotation.internalRequiredAnnotationProcessor&apos; to allow for resolving potential circular references
10:58:08,480 DEBUG main support.DefaultListableBeanFactory:484 - Finished creating instance of bean &apos;org.springframework.context.annotation.internalRequiredAnnotationProcessor&apos;
10:58:08,480 DEBUG main support.DefaultListableBeanFactory:221 - Creating shared instance of singleton bean &apos;org.springframework.context.annotation.internalCommonAnnotationProcessor&apos;
10:58:08,480 DEBUG main support.DefaultListableBeanFactory:448 - Creating instance of bean &apos;org.springframework.context.annotation.internalCommonAnnotationProcessor&apos;
10:58:08,490 DEBUG main support.DefaultListableBeanFactory:529 - Eagerly caching bean &apos;org.springframework.context.annotation.internalCommonAnnotationProcessor&apos; to allow for resolving potential circular references
10:58:08,490 DEBUG main support.DefaultListableBeanFactory:484 - Finished creating instance of bean &apos;org.springframework.context.annotation.internalCommonAnnotationProcessor&apos;
10:58:08,490 DEBUG main support.DefaultListableBeanFactory:221 - Creating shared instance of singleton bean &apos;org.springframework.context.annotation.ConfigurationClassPostProcessor.importAwareProcessor&apos;
10:58:08,490 DEBUG main support.DefaultListableBeanFactory:448 - Creating instance of bean &apos;org.springframework.context.annotation.ConfigurationClassPostProcessor.importAwareProcessor&apos;
10:58:08,490 DEBUG main support.DefaultListableBeanFactory:529 - Eagerly caching bean &apos;org.springframework.context.annotation.ConfigurationClassPostProcessor.importAwareProcessor&apos; to allow for resolving potential circular references
10:58:08,490 DEBUG main support.DefaultListableBeanFactory:484 - Finished creating instance of bean &apos;org.springframework.context.annotation.ConfigurationClassPostProcessor.importAwareProcessor&apos;
10:58:08,490 DEBUG main support.DefaultListableBeanFactory:221 - Creating shared instance of singleton bean &apos;org.springframework.context.annotation.ConfigurationClassPostProcessor.enhancedConfigurationProcessor&apos;
10:58:08,490 DEBUG main support.DefaultListableBeanFactory:448 - Creating instance of bean &apos;org.springframework.context.annotation.ConfigurationClassPostProcessor.enhancedConfigurationProcessor&apos;
10:58:08,490 DEBUG main support.DefaultListableBeanFactory:529 - Eagerly caching bean &apos;org.springframework.context.annotation.ConfigurationClassPostProcessor.enhancedConfigurationProcessor&apos; to allow for resolving potential circular references
10:58:08,490 DEBUG main support.DefaultListableBeanFactory:484 - Finished creating instance of bean &apos;org.springframework.context.annotation.ConfigurationClassPostProcessor.enhancedConfigurationProcessor&apos;
10:58:08,490 DEBUG main support.DefaultListableBeanFactory:221 - Creating shared instance of singleton bean &apos;org.springframework.context.annotation.internalAsyncAnnotationProcessor&apos;
10:58:08,490 DEBUG main support.DefaultListableBeanFactory:448 - Creating instance of bean &apos;org.springframework.context.annotation.internalAsyncAnnotationProcessor&apos;
10:58:08,500 DEBUG main support.DefaultListableBeanFactory:529 - Eagerly caching bean &apos;org.springframework.context.annotation.internalAsyncAnnotationProcessor&apos; to allow for resolving potential circular references
10:58:08,510 DEBUG main support.DefaultListableBeanFactory:221 - Creating shared instance of singleton bean &apos;taskScheduler&apos;
10:58:08,510 DEBUG main support.DefaultListableBeanFactory:448 - Creating instance of bean &apos;taskScheduler&apos;
10:58:08,520 DEBUG main support.DefaultListableBeanFactory:529 - Eagerly caching bean &apos;taskScheduler&apos; to allow for resolving potential circular references
10:58:08,540 DEBUG main support.DefaultListableBeanFactory:1620 - Invoking afterPropertiesSet() on bean with name &apos;taskScheduler&apos;
10:58:08,540  INFO main concurrent.ThreadPoolTaskScheduler:165 - Initializing ExecutorService  &apos;taskScheduler&apos;
10:58:08,540  INFO main support.PostProcessorRegistrationDelegate$BeanPostProcessorChecker:328 - Bean &apos;taskScheduler&apos; of type [class org.springframework.scheduling.concurrent.ThreadPoolTaskScheduler] is not eligible for getting processed by all BeanPostProcessors (for example: not eligible for auto-proxying)
10:58:08,540 DEBUG main support.DefaultListableBeanFactory:484 - Finished creating instance of bean &apos;taskScheduler&apos;
10:58:08,550 DEBUG main support.DefaultListableBeanFactory:484 - Finished creating instance of bean &apos;org.springframework.context.annotation.internalAsyncAnnotationProcessor&apos;
10:58:08,550 DEBUG main support.DefaultListableBeanFactory:221 - Creating shared instance of singleton bean &apos;org.springframework.context.annotation.internalScheduledAnnotationProcessor&apos;
10:58:08,550 DEBUG main support.DefaultListableBeanFactory:448 - Creating instance of bean &apos;org.springframework.context.annotation.internalScheduledAnnotationProcessor&apos;
10:58:08,550 DEBUG main support.DefaultListableBeanFactory:529 - Eagerly caching bean &apos;org.springframework.context.annotation.internalScheduledAnnotationProcessor&apos; to allow for resolving potential circular references
10:58:08,560 DEBUG main support.DefaultListableBeanFactory:484 - Finished creating instance of bean &apos;org.springframework.context.annotation.internalScheduledAnnotationProcessor&apos;
10:58:08,560 DEBUG main support.DefaultListableBeanFactory:221 - Creating shared instance of singleton bean &apos;org.springframework.aop.config.internalAutoProxyCreator&apos;
10:58:08,560 DEBUG main support.DefaultListableBeanFactory:448 - Creating instance of bean &apos;org.springframework.aop.config.internalAutoProxyCreator&apos;
10:58:08,570 DEBUG main support.DefaultListableBeanFactory:529 - Eagerly caching bean &apos;org.springframework.aop.config.internalAutoProxyCreator&apos; to allow for resolving potential circular references
10:58:08,580 DEBUG main support.DefaultListableBeanFactory:484 - Finished creating instance of bean &apos;org.springframework.aop.config.internalAutoProxyCreator&apos;
10:58:08,580 DEBUG main support.DefaultListableBeanFactory:221 - Creating shared instance of singleton bean &apos;org.springframework.scripting.config.scriptFactoryPostProcessor&apos;
10:58:08,580 DEBUG main support.DefaultListableBeanFactory:448 - Creating instance of bean &apos;org.springframework.scripting.config.scriptFactoryPostProcessor&apos;
10:58:08,580 DEBUG main support.DefaultListableBeanFactory:529 - Eagerly caching bean &apos;org.springframework.scripting.config.scriptFactoryPostProcessor&apos; to allow for resolving potential circular references
10:58:08,590 DEBUG main support.DefaultListableBeanFactory:484 - Finished creating instance of bean &apos;org.springframework.scripting.config.scriptFactoryPostProcessor&apos;
10:58:08,590 DEBUG main support.GenericWebApplicationContext:717 - Unable to locate MessageSource with name &apos;messageSource&apos;: using default [org.springframework.context.support.DelegatingMessageSource@46873d5]
10:58:08,590 DEBUG main support.GenericWebApplicationContext:741 - Unable to locate ApplicationEventMulticaster with name &apos;applicationEventMulticaster&apos;: using default [org.springframework.context.event.SimpleApplicationEventMulticaster@22048ad1]
10:58:08,590 DEBUG main support.UiApplicationContextUtils:85 - Unable to locate ThemeSource with name &apos;themeSource&apos;: using default [org.springframework.ui.context.support.ResourceBundleThemeSource@235a75e3]
10:58:08,590 DEBUG main support.DefaultListableBeanFactory:221 - Creating shared instance of singleton bean &apos;scriptFactory.calculator&apos;
10:58:08,590 DEBUG main support.DefaultListableBeanFactory:448 - Creating instance of bean &apos;scriptFactory.calculator&apos;
10:58:08,610 DEBUG main support.DefaultListableBeanFactory:529 - Eagerly caching bean &apos;scriptFactory.calculator&apos; to allow for resolving potential circular references
10:58:08,620 DEBUG main support.DefaultListableBeanFactory:484 - Finished creating instance of bean &apos;scriptFactory.calculator&apos;
10:58:08,620 DEBUG main support.DefaultListableBeanFactory:251 - Returning cached instance of singleton bean &apos;scriptFactory.calculator&apos;
10:58:08,927 DEBUG main support.DefaultListableBeanFactory:251 - Returning cached instance of singleton bean &apos;scriptFactory.calculator&apos;
10:58:08,927 DEBUG main support.DefaultListableBeanFactory:251 - Returning cached instance of singleton bean &apos;scriptFactory.calculator&apos;
10:58:08,937 DEBUG main support.DefaultListableBeanFactory:251 - Returning cached instance of singleton bean &apos;scriptFactory.calculator&apos;
10:58:08,937 DEBUG main support.DefaultListableBeanFactory:251 - Returning cached instance of singleton bean &apos;scriptFactory.calculator&apos;
10:58:08,937 DEBUG main support.DefaultListableBeanFactory:741 - Pre-instantiating singletons in org.springframework.beans.factory.support.DefaultListableBeanFactory@63a7aca1: defining beans [loggerAspect,defaultCustomerDao,transactionEventListener,defaultCustomerService,customerController,org.springframework.context.annotation.internalConfigurationAnnotationProcessor,org.springframework.context.annotation.internalAutowiredAnnotationProcessor,org.springframework.context.annotation.internalRequiredAnnotationProcessor,org.springframework.context.annotation.internalCommonAnnotationProcessor,org.springframework.context.event.internalEventListenerProcessor,org.springframework.context.event.internalEventListenerFactory,org.springframework.context.support.PropertySourcesPlaceholderConfigurer#0,org.springframework.context.annotation.internalAsyncAnnotationProcessor,org.springframework.context.annotation.internalScheduledAnnotationProcessor,taskScheduler,org.springframework.aop.config.internalAutoProxyCreator,org.springframework.transaction.config.internalTransactionalEventListenerFactory,org.springframework.transaction.annotation.AnnotationTransactionAttributeSource#0,org.springframework.transaction.interceptor.TransactionInterceptor#0,org.springframework.transaction.config.internalTransactionAdvisor,transactionManager,org.springframework.scripting.config.scriptFactoryPostProcessor,calculator,dataSource,org.springframework.context.annotation.ConfigurationClassPostProcessor.importAwareProcessor,org.springframework.context.annotation.ConfigurationClassPostProcessor.enhancedConfigurationProcessor]; root of factory hierarchy
10:58:08,937 DEBUG main support.DefaultListableBeanFactory:221 - Creating shared instance of singleton bean &apos;loggerAspect&apos;
10:58:08,937 DEBUG main support.DefaultListableBeanFactory:448 - Creating instance of bean &apos;loggerAspect&apos;
10:58:08,947 DEBUG main support.DefaultListableBeanFactory:529 - Eagerly caching bean &apos;loggerAspect&apos; to allow for resolving potential circular references
10:58:08,967 DEBUG main support.DefaultListableBeanFactory:484 - Finished creating instance of bean &apos;loggerAspect&apos;
10:58:08,967 DEBUG main support.DefaultListableBeanFactory:221 - Creating shared instance of singleton bean &apos;defaultCustomerDao&apos;
10:58:08,967 DEBUG main support.DefaultListableBeanFactory:448 - Creating instance of bean &apos;defaultCustomerDao&apos;
10:58:08,967 DEBUG main support.DefaultListableBeanFactory:251 - Returning cached instance of singleton bean &apos;scriptFactory.calculator&apos;
10:58:08,967 DEBUG main support.DefaultListableBeanFactory:251 - Returning cached instance of singleton bean &apos;scriptFactory.calculator&apos;
10:58:08,967 DEBUG main support.DefaultListableBeanFactory:221 - Creating shared instance of singleton bean &apos;org.springframework.transaction.config.internalTransactionAdvisor&apos;
10:58:08,967 DEBUG main support.DefaultListableBeanFactory:448 - Creating instance of bean &apos;org.springframework.transaction.config.internalTransactionAdvisor&apos;
10:58:08,977 DEBUG main support.DefaultListableBeanFactory:529 - Eagerly caching bean &apos;org.springframework.transaction.config.internalTransactionAdvisor&apos; to allow for resolving potential circular references
10:58:08,977 DEBUG main support.DefaultListableBeanFactory:221 - Creating shared instance of singleton bean &apos;org.springframework.transaction.annotation.AnnotationTransactionAttributeSource#0&apos;
10:58:08,977 DEBUG main support.DefaultListableBeanFactory:448 - Creating instance of bean &apos;org.springframework.transaction.annotation.AnnotationTransactionAttributeSource#0&apos;
10:58:08,987 DEBUG main autoproxy.BeanFactoryAdvisorRetrievalHelper:87 - Skipping currently created advisor &apos;org.springframework.transaction.config.internalTransactionAdvisor&apos;
10:58:08,987 DEBUG main support.DefaultListableBeanFactory:251 - Returning cached instance of singleton bean &apos;scriptFactory.calculator&apos;
10:58:08,987 DEBUG main support.DefaultListableBeanFactory:251 - Returning cached instance of singleton bean &apos;scriptFactory.calculator&apos;
10:58:09,027 DEBUG main annotation.ReflectiveAspectJAdvisorFactory:221 - Found AspectJ method: public void hu.ericsson.springcourse.aspect.LoggerAspect.aroundServiceMethods(org.aspectj.lang.ProceedingJoinPoint) throws java.lang.Throwable
10:58:09,027 DEBUG main annotation.ReflectiveAspectJAdvisorFactory:221 - Found AspectJ method: public void hu.ericsson.springcourse.aspect.LoggerAspect.beforeServiceMethodCalled(org.aspectj.lang.JoinPoint) throws java.lang.Throwable
10:58:09,027 DEBUG main annotation.ReflectiveAspectJAdvisorFactory:221 - Found AspectJ method: public void hu.ericsson.springcourse.aspect.LoggerAspect.afterServiceMethodCalled(org.aspectj.lang.JoinPoint) throws java.lang.Throwable
10:58:09,027 DEBUG main annotation.ReflectiveAspectJAdvisorFactory:221 - Found AspectJ method: public void hu.ericsson.springcourse.aspect.LoggerAspect.afterTransactionalMethodsThrowsError(org.aspectj.lang.JoinPoint,java.lang.Exception)
10:58:09,037 DEBUG main support.DefaultListableBeanFactory:251 - Returning cached instance of singleton bean &apos;scriptFactory.calculator&apos;
10:58:09,047 DEBUG main support.DefaultListableBeanFactory:529 - Eagerly caching bean &apos;org.springframework.transaction.annotation.AnnotationTransactionAttributeSource#0&apos; to allow for resolving potential circular references
10:58:09,047 DEBUG main autoproxy.BeanFactoryAdvisorRetrievalHelper:87 - Skipping currently created advisor &apos;org.springframework.transaction.config.internalTransactionAdvisor&apos;
10:58:09,047 DEBUG main autoproxy.BeanFactoryAdvisorRetrievalHelper:87 - Skipping currently created advisor &apos;org.springframework.transaction.config.internalTransactionAdvisor&apos;
10:58:09,187 DEBUG main support.DefaultListableBeanFactory:484 - Finished creating instance of bean &apos;org.springframework.transaction.annotation.AnnotationTransactionAttributeSource#0&apos;
10:58:09,187 DEBUG main support.DefaultListableBeanFactory:484 - Finished creating instance of bean &apos;org.springframework.transaction.config.internalTransactionAdvisor&apos;
10:58:09,197 DEBUG main support.DefaultListableBeanFactory:251 - Returning cached instance of singleton bean &apos;scriptFactory.calculator&apos;
10:58:09,197 DEBUG main support.DefaultListableBeanFactory:251 - Returning cached instance of singleton bean &apos;scriptFactory.calculator&apos;
10:58:09,197 DEBUG main support.DefaultListableBeanFactory:221 - Creating shared instance of singleton bean &apos;dataSource&apos;
10:58:09,197 DEBUG main support.DefaultListableBeanFactory:448 - Creating instance of bean &apos;dataSource&apos;
10:58:09,197 DEBUG main support.DefaultListableBeanFactory:251 - Returning cached instance of singleton bean &apos;org.springframework.transaction.config.internalTransactionAdvisor&apos;
10:58:09,197 DEBUG main support.DefaultListableBeanFactory:529 - Eagerly caching bean &apos;dataSource&apos; to allow for resolving potential circular references
10:58:09,207 DEBUG main beans.BeanUtils:455 - No property editor [org.springframework.jdbc.datasource.embedded.EmbeddedDatabaseTypeEditor] found for type org.springframework.jdbc.datasource.embedded.EmbeddedDatabaseType according to &apos;Editor&apos; suffix convention
10:58:09,207 DEBUG main support.DefaultListableBeanFactory:448 - Creating instance of bean &apos;(inner bean)#5b5b6746&apos;
10:58:09,207 DEBUG main support.DefaultListableBeanFactory:251 - Returning cached instance of singleton bean &apos;org.springframework.transaction.config.internalTransactionAdvisor&apos;
10:58:09,207 DEBUG main support.DefaultListableBeanFactory:448 - Creating instance of bean &apos;(inner bean)#4ba9b15&apos;
10:58:09,207 DEBUG main support.DefaultListableBeanFactory:251 - Returning cached instance of singleton bean &apos;org.springframework.transaction.config.internalTransactionAdvisor&apos;
10:58:09,208 DEBUG main support.DefaultListableBeanFactory:448 - Creating instance of bean &apos;(inner bean)#9601d29&apos;
10:58:09,208 DEBUG main support.DefaultListableBeanFactory:251 - Returning cached instance of singleton bean &apos;org.springframework.transaction.config.internalTransactionAdvisor&apos;
10:58:09,208 DEBUG main beans.BeanUtils:455 - No property editor [org.springframework.core.io.ResourceLoaderEditor] found for type org.springframework.core.io.ResourceLoader according to &apos;Editor&apos; suffix convention
10:58:09,238 DEBUG main support.DefaultListableBeanFactory:1620 - Invoking afterPropertiesSet() on bean with name &apos;(inner bean)#9601d29&apos;
10:58:09,248 DEBUG main support.DefaultListableBeanFactory:251 - Returning cached instance of singleton bean &apos;org.springframework.transaction.config.internalTransactionAdvisor&apos;
10:58:09,248 DEBUG main support.DefaultListableBeanFactory:251 - Returning cached instance of singleton bean &apos;org.springframework.transaction.config.internalTransactionAdvisor&apos;
10:58:09,248 DEBUG main support.DefaultListableBeanFactory:484 - Finished creating instance of bean &apos;(inner bean)#9601d29&apos;
10:58:09,248 DEBUG main support.DefaultListableBeanFactory:251 - Returning cached instance of singleton bean &apos;org.springframework.transaction.config.internalTransactionAdvisor&apos;
10:58:09,248 DEBUG main support.DefaultListableBeanFactory:251 - Returning cached instance of singleton bean &apos;org.springframework.transaction.config.internalTransactionAdvisor&apos;
10:58:09,248 DEBUG main support.DefaultListableBeanFactory:251 - Returning cached instance of singleton bean &apos;org.springframework.transaction.config.internalTransactionAdvisor&apos;
10:58:09,248 DEBUG main support.DefaultListableBeanFactory:251 - Returning cached instance of singleton bean &apos;org.springframework.transaction.config.internalTransactionAdvisor&apos;
10:58:09,258 DEBUG main support.DefaultListableBeanFactory:484 - Finished creating instance of bean &apos;(inner bean)#4ba9b15&apos;
10:58:09,258 DEBUG main support.DefaultListableBeanFactory:251 - Returning cached instance of singleton bean &apos;org.springframework.transaction.config.internalTransactionAdvisor&apos;
10:58:09,258 DEBUG main support.DefaultListableBeanFactory:251 - Returning cached instance of singleton bean &apos;org.springframework.transaction.config.internalTransactionAdvisor&apos;
10:58:09,258 DEBUG main support.DefaultListableBeanFactory:484 - Finished creating instance of bean &apos;(inner bean)#5b5b6746&apos;
10:58:09,258 DEBUG main support.DefaultListableBeanFactory:448 - Creating instance of bean &apos;(inner bean)#64dc0711&apos;
10:58:09,258 DEBUG main support.DefaultListableBeanFactory:251 - Returning cached instance of singleton bean &apos;org.springframework.transaction.config.internalTransactionAdvisor&apos;
10:58:09,258 DEBUG main support.DefaultListableBeanFactory:251 - Returning cached instance of singleton bean &apos;org.springframework.transaction.config.internalTransactionAdvisor&apos;
10:58:09,258 DEBUG main support.DefaultListableBeanFactory:251 - Returning cached instance of singleton bean &apos;org.springframework.transaction.config.internalTransactionAdvisor&apos;
10:58:09,258 DEBUG main support.DefaultListableBeanFactory:484 - Finished creating instance of bean &apos;(inner bean)#64dc0711&apos;
10:58:09,258 DEBUG main support.DefaultListableBeanFactory:1620 - Invoking afterPropertiesSet() on bean with name &apos;dataSource&apos;
10:58:09,268  INFO main embedded.EmbeddedDatabaseFactory:185 - Starting embedded database: url=&apos;jdbc:hsqldb:mem:dataSource&apos;, username=&apos;sa&apos;
10:58:09,268 DEBUG main datasource.DataSourceUtils:110 - Fetching JDBC Connection from DataSource
10:58:09,268 DEBUG main datasource.SimpleDriverDataSource:138 - Creating new JDBC Driver Connection to [jdbc:hsqldb:mem:dataSource]
10:58:09,378  INFO main init.ScriptUtils:443 - Executing SQL script from class path resource [db/db_schema.sql]
10:58:09,378 DEBUG main init.ScriptUtils:475 - 0 returned as updateCount for SQL: CREATE TABLE customer ( id INT NOT NULL IDENTITY, first_name VARCHAR(45) NOT NULL, last_name VARCHAR(45) NOT NULL, birth_date DATE NOT NULL, name_of_mother VARCHAR(45) NOT NULL, active INT NOT NULL, id_card_number VARCHAR(45) NOT NULL, gender VARCHAR(45) NOT NULL, PRIMARY KEY (id))
10:58:09,378 DEBUG main init.ScriptUtils:475 - 0 returned as updateCount for SQL: CREATE TABLE account ( id INT NOT NULL IDENTITY, active INT NOT NULL, account_type VARCHAR(45) NOT NULL, account_number VARCHAR(45) NOT NULL, current_balance DOUBLE NOT NULL, customer_id INT NOT NULL, PRIMARY KEY (id))
10:58:09,378 DEBUG main init.ScriptUtils:475 - 0 returned as updateCount for SQL: CREATE TABLE card ( id INT NOT NULL IDENTITY, card_number VARCHAR(45) NOT NULL, card_type VARCHAR(45) NOT NULL, valid_to DATE NOT NULL, active INT NOT NULL, customer_id INT NOT NULL, account_id INT NOT NULL, PRIMARY KEY (id))
10:58:09,378  INFO main init.ScriptUtils:502 - Executed SQL script from class path resource [db/db_schema.sql] in 0 ms.
10:58:09,378 DEBUG main datasource.DataSourceUtils:327 - Returning JDBC Connection to DataSource
10:58:09,378 DEBUG main support.DefaultListableBeanFactory:251 - Returning cached instance of singleton bean &apos;org.springframework.transaction.config.internalTransactionAdvisor&apos;
10:58:09,378 DEBUG main support.DefaultListableBeanFactory:251 - Returning cached instance of singleton bean &apos;org.springframework.transaction.config.internalTransactionAdvisor&apos;
10:58:09,388 DEBUG main support.DefaultListableBeanFactory:484 - Finished creating instance of bean &apos;dataSource&apos;
10:58:09,388 DEBUG main support.DefaultListableBeanFactory:251 - Returning cached instance of singleton bean &apos;org.springframework.transaction.config.internalTransactionAdvisor&apos;
10:58:09,388 DEBUG main support.DefaultListableBeanFactory:251 - Returning cached instance of singleton bean &apos;org.springframework.transaction.config.internalTransactionAdvisor&apos;
10:58:09,388 DEBUG main support.DefaultListableBeanFactory:757 - Autowiring by type from bean name &apos;defaultCustomerDao&apos; via constructor to bean named &apos;dataSource&apos;
10:58:09,398 DEBUG main support.DefaultListableBeanFactory:529 - Eagerly caching bean &apos;defaultCustomerDao&apos; to allow for resolving potential circular references
10:58:09,398 DEBUG main support.DefaultListableBeanFactory:1620 - Invoking afterPropertiesSet() on bean with name &apos;defaultCustomerDao&apos;
10:58:09,398 DEBUG main support.DefaultListableBeanFactory:251 - Returning cached instance of singleton bean &apos;org.springframework.transaction.config.internalTransactionAdvisor&apos;
10:58:09,398 DEBUG main support.DefaultListableBeanFactory:251 - Returning cached instance of singleton bean &apos;org.springframework.transaction.config.internalTransactionAdvisor&apos;
10:58:09,408 DEBUG main support.DefaultListableBeanFactory:484 - Finished creating instance of bean &apos;defaultCustomerDao&apos;
10:58:09,408 DEBUG main support.DefaultListableBeanFactory:221 - Creating shared instance of singleton bean &apos;transactionEventListener&apos;
10:58:09,408 DEBUG main support.DefaultListableBeanFactory:448 - Creating instance of bean &apos;transactionEventListener&apos;
10:58:09,408 DEBUG main support.DefaultListableBeanFactory:251 - Returning cached instance of singleton bean &apos;org.springframework.transaction.config.internalTransactionAdvisor&apos;
10:58:09,408 DEBUG main support.DefaultListableBeanFactory:529 - Eagerly caching bean &apos;transactionEventListener&apos; to allow for resolving potential circular references
10:58:09,408 DEBUG main support.DefaultListableBeanFactory:251 - Returning cached instance of singleton bean &apos;org.springframework.transaction.config.internalTransactionAdvisor&apos;
10:58:09,408 DEBUG main support.DefaultListableBeanFactory:251 - Returning cached instance of singleton bean &apos;org.springframework.transaction.config.internalTransactionAdvisor&apos;
10:58:09,418 DEBUG main support.DefaultListableBeanFactory:484 - Finished creating instance of bean &apos;transactionEventListener&apos;
10:58:09,418 DEBUG main support.DefaultListableBeanFactory:221 - Creating shared instance of singleton bean &apos;defaultCustomerService&apos;
10:58:09,418 DEBUG main support.DefaultListableBeanFactory:448 - Creating instance of bean &apos;defaultCustomerService&apos;
10:58:09,418 DEBUG main support.DefaultListableBeanFactory:251 - Returning cached instance of singleton bean &apos;org.springframework.transaction.config.internalTransactionAdvisor&apos;
10:58:09,418 DEBUG main annotation.InjectionMetadata:72 - Registered injected element on class [hu.ericsson.springcourse.service.DefaultCustomerService]: AutowiredFieldElement for private hu.ericsson.springcourse.dao.CustomerDao hu.ericsson.springcourse.service.DefaultCustomerService.dao
10:58:09,418 DEBUG main annotation.InjectionMetadata:72 - Registered injected element on class [hu.ericsson.springcourse.service.DefaultCustomerService]: AutowiredFieldElement for private org.springframework.context.ApplicationEventPublisher hu.ericsson.springcourse.service.DefaultCustomerService.publisher
10:58:09,418 DEBUG main support.DefaultListableBeanFactory:529 - Eagerly caching bean &apos;defaultCustomerService&apos; to allow for resolving potential circular references
10:58:09,418 DEBUG main annotation.InjectionMetadata:86 - Processing injected element of bean &apos;defaultCustomerService&apos;: AutowiredFieldElement for private hu.ericsson.springcourse.dao.CustomerDao hu.ericsson.springcourse.service.DefaultCustomerService.dao
10:58:09,418 DEBUG main support.DefaultListableBeanFactory:251 - Returning cached instance of singleton bean &apos;scriptFactory.calculator&apos;
10:58:09,418 DEBUG main support.DefaultListableBeanFactory:251 - Returning cached instance of singleton bean &apos;scriptFactory.calculator&apos;
10:58:09,428 DEBUG main support.DefaultListableBeanFactory:251 - Returning cached instance of singleton bean &apos;defaultCustomerDao&apos;
10:58:09,428 DEBUG main annotation.AutowiredAnnotationBeanPostProcessor:492 - Autowiring by type from bean name &apos;defaultCustomerService&apos; to bean named &apos;defaultCustomerDao&apos;
10:58:09,428 DEBUG main annotation.InjectionMetadata:86 - Processing injected element of bean &apos;defaultCustomerService&apos;: AutowiredFieldElement for private org.springframework.context.ApplicationEventPublisher hu.ericsson.springcourse.service.DefaultCustomerService.publisher
10:58:09,428 DEBUG main support.DefaultListableBeanFactory:251 - Returning cached instance of singleton bean &apos;scriptFactory.calculator&apos;
10:58:09,428 DEBUG main support.DefaultListableBeanFactory:251 - Returning cached instance of singleton bean &apos;scriptFactory.calculator&apos;
10:58:09,428 DEBUG main annotation.AutowiredAnnotationBeanPostProcessor:492 - Autowiring by type from bean name &apos;defaultCustomerService&apos; to bean named &apos;org.springframework.web.context.support.GenericWebApplicationContext@5d769b56&apos;
10:58:09,428 DEBUG main support.DefaultListableBeanFactory:251 - Returning cached instance of singleton bean &apos;org.springframework.transaction.config.internalTransactionAdvisor&apos;
10:58:09,428 DEBUG main support.DefaultListableBeanFactory:251 - Returning cached instance of singleton bean &apos;org.springframework.transaction.config.internalTransactionAdvisor&apos;
10:58:09,428 DEBUG main annotation.AnnotationTransactionAttributeSource:108 - Adding transactional method &apos;DefaultCustomerService.createCustomer&apos; with attribute: PROPAGATION_REQUIRED,ISOLATION_DEFAULT; &apos;&apos;
10:58:09,438 DEBUG main support.DefaultListableBeanFactory:221 - Creating shared instance of singleton bean &apos;org.springframework.transaction.interceptor.TransactionInterceptor#0&apos;
10:58:09,438 DEBUG main support.DefaultListableBeanFactory:448 - Creating instance of bean &apos;org.springframework.transaction.interceptor.TransactionInterceptor#0&apos;
10:58:09,438 DEBUG main support.DefaultListableBeanFactory:529 - Eagerly caching bean &apos;org.springframework.transaction.interceptor.TransactionInterceptor#0&apos; to allow for resolving potential circular references
10:58:09,448 DEBUG main support.DefaultListableBeanFactory:251 - Returning cached instance of singleton bean &apos;org.springframework.transaction.annotation.AnnotationTransactionAttributeSource#0&apos;
10:58:09,448 DEBUG main support.DefaultListableBeanFactory:1620 - Invoking afterPropertiesSet() on bean with name &apos;org.springframework.transaction.interceptor.TransactionInterceptor#0&apos;
10:58:09,448 DEBUG main support.DefaultListableBeanFactory:484 - Finished creating instance of bean &apos;org.springframework.transaction.interceptor.TransactionInterceptor#0&apos;
10:58:09,458 DEBUG main annotation.AnnotationAwareAspectJAutoProxyCreator:526 - Creating implicit proxy for bean &apos;defaultCustomerService&apos; with 0 common interceptors and 6 specific interceptors
10:58:09,458 DEBUG main framework.JdkDynamicAopProxy:117 - Creating JDK dynamic proxy: target source is SingletonTargetSource for target object [hu.ericsson.springcourse.service.DefaultCustomerService@c00aff9]
10:58:09,468 DEBUG main annotation.ScheduledAnnotationBeanPostProcessor:262 - 1 @Scheduled methods processed on bean &apos;defaultCustomerService&apos;: {public void hu.ericsson.springcourse.service.DefaultCustomerService.scheduledTaskRunner() throws java.lang.InterruptedException=[@org.springframework.scheduling.annotation.Scheduled(cron=, initialDelayString=, fixedRateString=, fixedDelayString=, zone=, fixedRate=2000, initialDelay=-1, fixedDelay=-1)]}
10:58:09,468 DEBUG main support.DefaultListableBeanFactory:484 - Finished creating instance of bean &apos;defaultCustomerService&apos;
10:58:09,468 DEBUG main support.DefaultListableBeanFactory:221 - Creating shared instance of singleton bean &apos;customerController&apos;
10:58:09,468 DEBUG main support.DefaultListableBeanFactory:448 - Creating instance of bean &apos;customerController&apos;
10:58:09,468 DEBUG main support.DefaultListableBeanFactory:251 - Returning cached instance of singleton bean &apos;org.springframework.transaction.config.internalTransactionAdvisor&apos;
10:58:09,468 DEBUG main annotation.InjectionMetadata:72 - Registered injected element on class [hu.ericsson.springcourse.web.CustomerController]: AutowiredFieldElement for private hu.ericsson.springcourse.service.CustomerService hu.ericsson.springcourse.web.CustomerController.customerService
10:58:09,468 DEBUG main support.DefaultListableBeanFactory:529 - Eagerly caching bean &apos;customerController&apos; to allow for resolving potential circular references
10:58:09,468 DEBUG main annotation.InjectionMetadata:86 - Processing injected element of bean &apos;customerController&apos;: AutowiredFieldElement for private hu.ericsson.springcourse.service.CustomerService hu.ericsson.springcourse.web.CustomerController.customerService
10:58:09,468 DEBUG main support.DefaultListableBeanFactory:251 - Returning cached instance of singleton bean &apos;scriptFactory.calculator&apos;
10:58:09,478 DEBUG main support.DefaultListableBeanFactory:251 - Returning cached instance of singleton bean &apos;scriptFactory.calculator&apos;
10:58:09,478 DEBUG main support.DefaultListableBeanFactory:251 - Returning cached instance of singleton bean &apos;defaultCustomerService&apos;
10:58:09,478 DEBUG main annotation.AutowiredAnnotationBeanPostProcessor:492 - Autowiring by type from bean name &apos;customerController&apos; to bean named &apos;defaultCustomerService&apos;
10:58:09,478 DEBUG main support.DefaultListableBeanFactory:251 - Returning cached instance of singleton bean &apos;org.springframework.transaction.config.internalTransactionAdvisor&apos;
10:58:09,478 DEBUG main support.DefaultListableBeanFactory:251 - Returning cached instance of singleton bean &apos;org.springframework.transaction.config.internalTransactionAdvisor&apos;
10:58:09,488 DEBUG main support.DefaultListableBeanFactory:484 - Finished creating instance of bean &apos;customerController&apos;
10:58:09,488 DEBUG main support.DefaultListableBeanFactory:251 - Returning cached instance of singleton bean &apos;org.springframework.context.annotation.internalConfigurationAnnotationProcessor&apos;
10:58:09,488 DEBUG main support.DefaultListableBeanFactory:251 - Returning cached instance of singleton bean &apos;org.springframework.context.annotation.internalAutowiredAnnotationProcessor&apos;
10:58:09,488 DEBUG main support.DefaultListableBeanFactory:251 - Returning cached instance of singleton bean &apos;org.springframework.context.annotation.internalRequiredAnnotationProcessor&apos;
[...]
10:58:10,512 DEBUG main context.cache:247 - Spring test ApplicationContext cache statistics: [DefaultContextCache@668de184 size = 2, parentContextCount = 1, hitCount = 3, missCount = 2]
10:58:10,513 DEBUG main jdbc.SqlScriptsTestExecutionListener:196 - Executing SQL scripts: [class path resource [db/insert_customer.sql]]
10:58:10,513 DEBUG main cache.DefaultCacheAwareContextLoaderDelegate:129 - Retrieved ApplicationContext from cache with key [[WebMergedContextConfiguration@626ddb07 testClass = FirstUnitTest, locations = &apos;{classpath:/spring-config/mvc-config.xml}&apos;, classes = &apos;{}&apos;, contextInitializerClasses = &apos;[]&apos;, activeProfiles = &apos;{dev}&apos;, propertySourceLocations = &apos;{}&apos;, propertySourceProperties = &apos;{}&apos;, resourceBasePath = &apos;src/main/webapp&apos;, contextLoader = &apos;org.springframework.test.context.web.WebDelegatingSmartContextLoader&apos;, parent = [WebMergedContextConfiguration@1a46db0d testClass = FirstUnitTest, locations = &apos;{classpath:/spring-config/application-context.xml}&apos;, classes = &apos;{}&apos;, contextInitializerClasses = &apos;[]&apos;, activeProfiles = &apos;{dev}&apos;, propertySourceLocations = &apos;{}&apos;, propertySourceProperties = &apos;{}&apos;, resourceBasePath = &apos;src/main/webapp&apos;, contextLoader = &apos;org.springframework.test.context.web.WebDelegatingSmartContextLoader&apos;, parent = [null]]]]
10:58:10,513 DEBUG main context.cache:247 - Spring test ApplicationContext cache statistics: [DefaultContextCache@668de184 size = 2, parentContextCount = 1, hitCount = 4, missCount = 2]
10:58:10,514 DEBUG main support.DefaultListableBeanFactory:251 - Returning cached instance of singleton bean &apos;scriptFactory.calculator&apos;
10:58:10,515 DEBUG main support.DefaultListableBeanFactory:251 - Returning cached instance of singleton bean &apos;dataSource&apos;
10:58:10,515 DEBUG main cache.DefaultCacheAwareContextLoaderDelegate:129 - Retrieved ApplicationContext from cache with key [[WebMergedContextConfiguration@626ddb07 testClass = FirstUnitTest, locations = &apos;{classpath:/spring-config/mvc-config.xml}&apos;, classes = &apos;{}&apos;, contextInitializerClasses = &apos;[]&apos;, activeProfiles = &apos;{dev}&apos;, propertySourceLocations = &apos;{}&apos;, propertySourceProperties = &apos;{}&apos;, resourceBasePath = &apos;src/main/webapp&apos;, contextLoader = &apos;org.springframework.test.context.web.WebDelegatingSmartContextLoader&apos;, parent = [WebMergedContextConfiguration@1a46db0d testClass = FirstUnitTest, locations = &apos;{classpath:/spring-config/application-context.xml}&apos;, classes = &apos;{}&apos;, contextInitializerClasses = &apos;[]&apos;, activeProfiles = &apos;{dev}&apos;, propertySourceLocations = &apos;{}&apos;, propertySourceProperties = &apos;{}&apos;, resourceBasePath = &apos;src/main/webapp&apos;, contextLoader = &apos;org.springframework.test.context.web.WebDelegatingSmartContextLoader&apos;, parent = [null]]]]
10:58:10,515 DEBUG main context.cache:247 - Spring test ApplicationContext cache statistics: [DefaultContextCache@668de184 size = 2, parentContextCount = 1, hitCount = 5, missCount = 2]
10:58:10,516 DEBUG main support.DefaultListableBeanFactory:251 - Returning cached instance of singleton bean &apos;transactionManager&apos;
10:58:10,520 DEBUG main datasource.DataSourceTransactionManager:421 - Suspending current transaction, creating new transaction with name [hu.ericsson.springcourse.FirstUnitTest.testCustomerControllerGET]
10:58:10,520 DEBUG main datasource.SimpleDriverDataSource:138 - Creating new JDBC Driver Connection to [jdbc:hsqldb:mem:dataSource]
10:58:10,520 DEBUG main datasource.DataSourceTransactionManager:206 - Acquired Connection [org.hsqldb.jdbc.jdbcConnection@2a811feb] for JDBC transaction
10:58:10,521 DEBUG main datasource.DataSourceTransactionManager:223 - Switching JDBC Connection [org.hsqldb.jdbc.jdbcConnection@2a811feb] to manual commit
10:58:10,521  INFO main init.ScriptUtils:443 - Executing SQL script from class path resource [db/insert_customer.sql]
10:58:10,530 DEBUG main init.ScriptUtils:475 - 1 returned as updateCount for SQL: insert into customer(id,first_name,last_name,birth_date,name_of_mother,active,id_card_number,gender) VALUES (1,&apos;Elek&apos;, &apos;Test&apos;, &apos;1970-01-01&apos;,&apos;NameOfMother&apos;,1,&apos;1111PA&apos;,&apos;MALE&apos;)
10:58:10,530  INFO main init.ScriptUtils:502 - Executed SQL script from class path resource [db/insert_customer.sql] in 9 ms.
10:58:10,530 DEBUG main datasource.DataSourceTransactionManager:759 - Initiating transaction commit
10:58:10,530 DEBUG main datasource.DataSourceTransactionManager:269 - Committing JDBC transaction on Connection [org.hsqldb.jdbc.jdbcConnection@2a811feb]
10:58:10,531 DEBUG main datasource.DataSourceTransactionManager:327 - Releasing JDBC Connection [org.hsqldb.jdbc.jdbcConnection@2a811feb] after transaction
10:58:10,531 DEBUG main datasource.DataSourceUtils:327 - Returning JDBC Connection to DataSource
10:58:10,532 DEBUG main datasource.DataSourceTransactionManager:1020 - Resuming suspended transaction after completion of inner transaction
10:58:10,550 DEBUG main servlet.TestDispatcherServlet:118 - Initializing servlet &apos;&apos;
10:58:10,562 DEBUG main support.StandardServletEnvironment:109 - Adding [servletConfigInitParams] PropertySource with lowest search precedence
10:58:10,572 DEBUG main support.StandardServletEnvironment:109 - Adding [servletContextInitParams] PropertySource with lowest search precedence
10:58:10,572 DEBUG main support.StandardServletEnvironment:109 - Adding [systemProperties] PropertySource with lowest search precedence
10:58:10,572 DEBUG main support.StandardServletEnvironment:109 - Adding [systemEnvironment] PropertySource with lowest search precedence
10:58:10,572 DEBUG main support.StandardServletEnvironment:127 - Initialized StandardServletEnvironment with PropertySources [servletConfigInitParams,servletContextInitParams,systemProperties,systemEnvironment]
10:58:10,572  INFO main web.MockServletContext:443 - Initializing Spring FrameworkServlet &apos;&apos;
10:58:10,572  INFO main servlet.TestDispatcherServlet:488 - FrameworkServlet &apos;&apos;: initialization started
10:58:10,572 DEBUG main servlet.TestDispatcherServlet:506 - Unable to locate MultipartResolver with name &apos;multipartResolver&apos;: no multipart request handling provided
10:58:10,572 DEBUG main support.DefaultListableBeanFactory:448 - Creating instance of bean &apos;org.springframework.web.servlet.i18n.AcceptHeaderLocaleResolver&apos;
10:58:10,572 DEBUG main support.DefaultListableBeanFactory:484 - Finished creating instance of bean &apos;org.springframework.web.servlet.i18n.AcceptHeaderLocaleResolver&apos;
10:58:10,572 DEBUG main servlet.TestDispatcherServlet:528 - Unable to locate LocaleResolver with name &apos;localeResolver&apos;: using default [org.springframework.web.servlet.i18n.AcceptHeaderLocaleResolver@6ccc4920]
10:58:10,582 DEBUG main support.DefaultListableBeanFactory:448 - Creating instance of bean &apos;org.springframework.web.servlet.theme.FixedThemeResolver&apos;
10:58:10,582 DEBUG main support.DefaultListableBeanFactory:484 - Finished creating instance of bean &apos;org.springframework.web.servlet.theme.FixedThemeResolver&apos;
10:58:10,582 DEBUG main servlet.TestDispatcherServlet:550 - Unable to locate ThemeResolver with name &apos;themeResolver&apos;: using default [org.springframework.web.servlet.theme.FixedThemeResolver@7bb9295f]
10:58:10,582 DEBUG main support.DefaultListableBeanFactory:251 - Returning cached instance of singleton bean &apos;org.springframework.web.servlet.mvc.method.annotation.RequestMappingHandlerMapping&apos;
10:58:10,582 DEBUG main support.DefaultListableBeanFactory:251 - Returning cached instance of singleton bean &apos;org.springframework.web.servlet.handler.BeanNameUrlHandlerMapping&apos;
10:58:10,582 DEBUG main support.DefaultListableBeanFactory:251 - Returning cached instance of singleton bean &apos;scriptFactory.calculator&apos;
10:58:10,582 DEBUG main support.DefaultListableBeanFactory:251 - Returning cached instance of singleton bean &apos;org.springframework.web.servlet.mvc.method.annotation.RequestMappingHandlerAdapter&apos;
10:58:10,582 DEBUG main support.DefaultListableBeanFactory:251 - Returning cached instance of singleton bean &apos;org.springframework.web.servlet.mvc.HttpRequestHandlerAdapter&apos;
10:58:10,582 DEBUG main support.DefaultListableBeanFactory:251 - Returning cached instance of singleton bean &apos;org.springframework.web.servlet.mvc.SimpleControllerHandlerAdapter&apos;
10:58:10,582 DEBUG main support.DefaultListableBeanFactory:251 - Returning cached instance of singleton bean &apos;scriptFactory.calculator&apos;
10:58:10,592 DEBUG main support.DefaultListableBeanFactory:251 - Returning cached instance of singleton bean &apos;org.springframework.web.servlet.mvc.method.annotation.ExceptionHandlerExceptionResolver#0&apos;
10:58:10,592 DEBUG main support.DefaultListableBeanFactory:251 - Returning cached instance of singleton bean &apos;org.springframework.web.servlet.mvc.annotation.ResponseStatusExceptionResolver#0&apos;
10:58:10,592 DEBUG main support.DefaultListableBeanFactory:251 - Returning cached instance of singleton bean &apos;org.springframework.web.servlet.mvc.support.DefaultHandlerExceptionResolver#0&apos;
10:58:10,592 DEBUG main support.DefaultListableBeanFactory:251 - Returning cached instance of singleton bean &apos;scriptFactory.calculator&apos;
10:58:10,592 DEBUG main support.DefaultListableBeanFactory:448 - Creating instance of bean &apos;org.springframework.web.servlet.view.DefaultRequestToViewNameTranslator&apos;
10:58:10,592 DEBUG main support.DefaultListableBeanFactory:484 - Finished creating instance of bean &apos;org.springframework.web.servlet.view.DefaultRequestToViewNameTranslator&apos;
10:58:10,592 DEBUG main servlet.TestDispatcherServlet:688 - Unable to locate RequestToViewNameTranslator with name &apos;viewNameTranslator&apos;: using default [org.springframework.web.servlet.view.DefaultRequestToViewNameTranslator@21d332bb]
10:58:10,592 DEBUG main support.DefaultListableBeanFactory:251 - Returning cached instance of singleton bean &apos;scriptFactory.calculator&apos;
10:58:10,602 DEBUG main support.DefaultListableBeanFactory:448 - Creating instance of bean &apos;org.springframework.web.servlet.view.InternalResourceViewResolver&apos;
10:58:10,612 DEBUG main support.DefaultListableBeanFactory:484 - Finished creating instance of bean &apos;org.springframework.web.servlet.view.InternalResourceViewResolver&apos;
10:58:10,612 DEBUG main servlet.TestDispatcherServlet:728 - No ViewResolvers found in servlet &apos;&apos;: using default
10:58:10,612 DEBUG main support.DefaultListableBeanFactory:448 - Creating instance of bean &apos;org.springframework.web.servlet.support.SessionFlashMapManager&apos;
10:58:10,612 DEBUG main support.DefaultListableBeanFactory:484 - Finished creating instance of bean &apos;org.springframework.web.servlet.support.SessionFlashMapManager&apos;
10:58:10,612 DEBUG main servlet.TestDispatcherServlet:750 - Unable to locate FlashMapManager with name &apos;flashMapManager&apos;: using default [org.springframework.web.servlet.support.SessionFlashMapManager@89a39b8]
10:58:10,612 DEBUG main servlet.TestDispatcherServlet:567 - Published WebApplicationContext of servlet &apos;&apos; as ServletContext attribute with name [org.springframework.web.servlet.FrameworkServlet.CONTEXT.]
10:58:10,612  INFO main servlet.TestDispatcherServlet:507 - FrameworkServlet &apos;&apos;: initialization completed in 40 ms
10:58:10,612 DEBUG main servlet.TestDispatcherServlet:139 - Servlet &apos;&apos; configured successfully
10:58:10,626 DEBUG main servlet.TestDispatcherServlet:861 - DispatcherServlet with name &apos;&apos; processing GET request for [/customers/1]
10:58:10,628 DEBUG main annotation.RequestMappingHandlerMapping:306 - Looking up handler method for path /customers/1
10:58:10,631 DEBUG main annotation.RequestMappingHandlerMapping:313 - Returning handler method [public org.springframework.http.ResponseEntity&lt;hu.ericsson.springcourse.model.Customer&gt; hu.ericsson.springcourse.web.CustomerController.getCustomer(java.lang.Long)]
10:58:10,632 DEBUG main support.DefaultListableBeanFactory:251 - Returning cached instance of singleton bean &apos;customerController&apos;
10:58:10,632 DEBUG main servlet.TestDispatcherServlet:947 - Last-Modified value for [/customers/1] is: -1
10:58:10,650 DEBUG main annotation.AnnotationTransactionAttributeSource:108 - Adding transactional method &apos;DefaultCustomerService.getCustomer&apos; with attribute: PROPAGATION_SUPPORTS,ISOLATION_DEFAULT,readOnly; &apos;&apos;
10:58:10,654 DEBUG main support.DefaultListableBeanFactory:251 - Returning cached instance of singleton bean &apos;transactionManager&apos;
10:58:10,656 DEBUG main datasource.DataSourceTransactionManager:476 - Participating in existing transaction
10:58:10,662 DEBUG main support.DefaultListableBeanFactory:251 - Returning cached instance of singleton bean &apos;loggerAspect&apos;
In Around advice before service method call with name: Customer hu.ericsson.springcourse.service.CustomerService.getCustomer(Long)
Before service method called with name : Customer hu.ericsson.springcourse.service.CustomerService.getCustomer(Long)
10:58:10,667 DEBUG main core.JdbcTemplate:678 - Executing prepared SQL query
10:58:10,668 DEBUG main core.JdbcTemplate:612 - Executing prepared SQL statement [select * from customer where id = ?]
In Around advice after service method call with name: Customer hu.ericsson.springcourse.service.CustomerService.getCustomer(Long)
After service method called with name : Customer hu.ericsson.springcourse.service.CustomerService.getCustomer(Long)
10:58:10,727 DEBUG main servlet.TestDispatcherServlet:1034 - Null ModelAndView returned to DispatcherServlet with name &apos;&apos;: assuming HandlerAdapter completed request handling
10:58:10,727 DEBUG main servlet.TestDispatcherServlet:1000 - Successfully completed request

MockHttpServletRequest:
      HTTP Method = GET
      Request URI = /customers/1
       Parameters = {}
          Headers = {Accept=[application/json]}

Handler:
             Type = hu.ericsson.springcourse.web.CustomerController
           Method = public org.springframework.http.ResponseEntity&lt;hu.ericsson.springcourse.model.Customer&gt; hu.ericsson.springcourse.web.CustomerController.getCustomer(java.lang.Long)

Async:
    Async started = false
     Async result = null

Resolved Exception:
             Type = null

ModelAndView:
        View name = null
             View = null
            Model = null

FlashMap:
       Attributes = null

MockHttpServletResponse:
           Status = 404
    Error message = null
          Headers = {}
     Content type = null
             Body = 
    Forwarded URL = null
   Redirected URL = null
          Cookies = []
10:58:10,740 DEBUG main datasource.DataSourceTransactionManager:851 - Initiating transaction rollback
10:58:10,740 DEBUG main datasource.DataSourceTransactionManager:284 - Rolling back JDBC transaction on Connection [org.hsqldb.jdbc.jdbcConnection@7e765757]
10:58:10,740 DEBUG main datasource.DataSourceTransactionManager:327 - Releasing JDBC Connection [org.hsqldb.jdbc.jdbcConnection@7e765757] after transaction
10:58:10,741 DEBUG main datasource.DataSourceUtils:327 - Returning JDBC Connection to DataSource
10:58:10,742  INFO main transaction.TransactionContext:136 - Rolled back transaction for test context [DefaultTestContext@4344ee21 testClass = FirstUnitTest, testInstance = hu.ericsson.springcourse.FirstUnitTest@70998c5d, testMethod = testCustomerControllerGET@FirstUnitTest, testException = java.lang.AssertionError: Status expected:&lt;200&gt; but was:&lt;404&gt;, mergedContextConfiguration = [WebMergedContextConfiguration@626ddb07 testClass = FirstUnitTest, locations = &apos;{classpath:/spring-config/mvc-config.xml}&apos;, classes = &apos;{}&apos;, contextInitializerClasses = &apos;[]&apos;, activeProfiles = &apos;{dev}&apos;, propertySourceLocations = &apos;{}&apos;, propertySourceProperties = &apos;{}&apos;, resourceBasePath = &apos;src/main/webapp&apos;, contextLoader = &apos;org.springframework.test.context.web.WebDelegatingSmartContextLoader&apos;, parent = [WebMergedContextConfiguration@1a46db0d testClass = FirstUnitTest, locations = &apos;{classpath:/spring-config/application-context.xml}&apos;, classes = &apos;{}&apos;, contextInitializerClasses = &apos;[]&apos;, activeProfiles = &apos;{dev}&apos;, propertySourceLocations = &apos;{}&apos;, propertySourceProperties = &apos;{}&apos;, resourceBasePath = &apos;src/main/webapp&apos;, contextLoader = &apos;org.springframework.test.context.web.WebDelegatingSmartContextLoader&apos;, parent = [null]]]].
10:58:10,743 DEBUG main support.AbstractDirtiesContextTestExecutionListener:106 - After test method: context [DefaultTestContext@4344ee21 testClass = FirstUnitTest, testInstance = hu.ericsson.springcourse.FirstUnitTest@70998c5d, testMethod = testCustomerControllerGET@FirstUnitTest, testException = java.lang.AssertionError: Status expected:&lt;200&gt; but was:&lt;404&gt;, mergedContextConfiguration = [WebMergedContextConfiguration@626ddb07 testClass = FirstUnitTest, locations = &apos;{classpath:/spring-config/mvc-config.xml}&apos;, classes = &apos;{}&apos;, contextInitializerClasses = &apos;[]&apos;, activeProfiles = &apos;{dev}&apos;, propertySourceLocations = &apos;{}&apos;, propertySourceProperties = &apos;{}&apos;, resourceBasePath = &apos;src/main/webapp&apos;, contextLoader = &apos;org.springframework.test.context.web.WebDelegatingSmartContextLoader&apos;, parent = [WebMergedContextConfiguration@1a46db0d testClass = FirstUnitTest, locations = &apos;{classpath:/spring-config/application-context.xml}&apos;, classes = &apos;{}&apos;, contextInitializerClasses = &apos;[]&apos;, activeProfiles = &apos;{dev}&apos;, propertySourceLocations = &apos;{}&apos;, propertySourceProperties = &apos;{}&apos;, resourceBasePath = &apos;src/main/webapp&apos;, contextLoader = &apos;org.springframework.test.context.web.WebDelegatingSmartContextLoader&apos;, parent = [null]]]], class annotated with @DirtiesContext [false] with mode [null], method annotated with @DirtiesContext [false] with mode [null].
10:58:10,744 DEBUG main web.ServletTestExecutionListener:160 - Resetting RequestContextHolder for test context [DefaultTestContext@4344ee21 testClass = FirstUnitTest, testInstance = hu.ericsson.springcourse.FirstUnitTest@70998c5d, testMethod = testCustomerControllerGET@FirstUnitTest, testException = java.lang.AssertionError: Status expected:&lt;200&gt; but was:&lt;404&gt;, mergedContextConfiguration = [WebMergedContextConfiguration@626ddb07 testClass = FirstUnitTest, locations = &apos;{classpath:/spring-config/mvc-config.xml}&apos;, classes = &apos;{}&apos;, contextInitializerClasses = &apos;[]&apos;, activeProfiles = &apos;{dev}&apos;, propertySourceLocations = &apos;{}&apos;, propertySourceProperties = &apos;{}&apos;, resourceBasePath = &apos;src/main/webapp&apos;, contextLoader = &apos;org.springframework.test.context.web.WebDelegatingSmartContextLoader&apos;, parent = [WebMergedContextConfiguration@1a46db0d testClass = FirstUnitTest, locations = &apos;{classpath:/spring-config/application-context.xml}&apos;, classes = &apos;{}&apos;, contextInitializerClasses = &apos;[]&apos;, activeProfiles = &apos;{dev}&apos;, propertySourceLocations = &apos;{}&apos;, propertySourceProperties = &apos;{}&apos;, resourceBasePath = &apos;src/main/webapp&apos;, contextLoader = &apos;org.springframework.test.context.web.WebDelegatingSmartContextLoader&apos;, parent = [null]]]].
</system-out>
  </testcase>
</testsuite>